2021-04-25 19:58:13,609 DEBUG    root            Loaded Command Group: ['gcloud', 'auth']
2021-04-25 19:58:13,610 DEBUG    root            Loaded Command Group: ['gcloud', 'auth', 'application_default']
2021-04-25 19:58:13,629 DEBUG    root            Loaded Command Group: ['gcloud', 'auth', 'application-default', 'login']
2021-04-25 19:58:13,630 DEBUG    root            Running [gcloud.auth.application-default.login] with arguments: []
2021-04-25 19:58:13,643 DEBUG    requests_oauthlib.oauth2_session Generated new state oL4dxe3mWkX6aAIaOsWk7R5mBgHvJV.
2021-04-25 19:58:13,730 INFO     ___FILE_ONLY___ Your browser has been opened to visit:

    https://accounts.google.com/o/oauth2/auth?response_type=code&client_id=764086051850-6qr4p6gpi6hn506pt8ejuq83di341hur.apps.googleusercontent.com&redirect_uri=http%3A%2F%2Flocalhost%3A8085%2F&scope=openid+https%3A%2F%2Fwww.googleapis.com%2Fauth%2Fuserinfo.email+https%3A%2F%2Fwww.googleapis.com%2Fauth%2Fcloud-platform+https%3A%2F%2Fwww.googleapis.com%2Fauth%2Faccounts.reauth&state=oL4dxe3mWkX6aAIaOsWk7R5mBgHvJV&access_type=offline&code_challenge=IY7epmZSaF29l3Phrd49LrH9ZxzqOqGtevxJlDf0YVE&code_challenge_method=S256


2021-04-25 19:58:17,519 INFO     google_auth_oauthlib.flow "GET /?state=oL4dxe3mWkX6aAIaOsWk7R5mBgHvJV&code=4/0AY0e-g7uJp-fGiKinnkD5S-PdXymIG9AHWpYj9s1aJhSHudUyhhVJ6FO-dgFWAKuL_z0sg&scope=email%20openid%20https://www.googleapis.com/auth/userinfo.email%20https://www.googleapis.com/auth/cloud-platform%20https://www.googleapis.com/auth/accounts.reauth&authuser=5&hd=nicnac.ltd&prompt=consent HTTP/1.1" 200 959
2021-04-25 19:58:17,521 DEBUG    requests_oauthlib.oauth2_session Requesting url https://oauth2.googleapis.com/token using method POST.
2021-04-25 19:58:17,521 DEBUG    requests_oauthlib.oauth2_session Supplying headers {b'Accept': b'application/json', b'Content-Type': b'application/x-www-form-urlencoded;charset=UTF-8', b'user-agent': b'google-cloud-sdk gcloud/337.0.0 command/gcloud.auth.application-default.login invocation-id/571c73293cad4ad8b03d722f460e1603 environment/None environment-version/None interactive/True from-script/False python/3.9.1 term/xterm-256color (Macintosh; Intel Mac OS X 20.5.0)'} and data {'grant_type': 'authorization_code', 'client_id': '764086051850-6qr4p6gpi6hn506pt8ejuq83di341hur.apps.googleusercontent.com', 'client_secret': 'd-FL95Q19q7MQmFpd7hHD0Ty', 'code': '4/0AY0e-g7uJp-fGiKinnkD5S-PdXymIG9AHWpYj9s1aJhSHudUyhhVJ6FO-dgFWAKuL_z0sg', 'redirect_uri': 'http://localhost:8085/', 'code_verifier': 'hKiFE.Db1PcLyZDDEP1mBrNCgUa5j-yPx.QPSKiOJ9zntVIIYr4D3kvGsxoUkS42K.OmhbOH6wW6ss7Yrbhofok2FhKmxAGggMRn_EJ0MMA.1abybLMsJ0~uqxKEjoKL'}
2021-04-25 19:58:17,521 DEBUG    requests_oauthlib.oauth2_session Passing through key word arguments {'json': None, 'timeout': None, 'auth': None, 'verify': True, 'proxies': None}.
2021-04-25 19:58:17,540 DEBUG    urllib3.connectionpool Starting new HTTPS connection (1): oauth2.googleapis.com:443
2021-04-25 19:58:17,729 DEBUG    urllib3.connectionpool https://oauth2.googleapis.com:443 "POST /token HTTP/1.1" 200 None
2021-04-25 19:58:17,730 DEBUG    requests_oauthlib.oauth2_session Prepared fetch token request body grant_type=authorization_code&client_id=764086051850-6qr4p6gpi6hn506pt8ejuq83di341hur.apps.googleusercontent.com&client_secret=d-FL95Q19q7MQmFpd7hHD0Ty&code=4%2F0AY0e-g7uJp-fGiKinnkD5S-PdXymIG9AHWpYj9s1aJhSHudUyhhVJ6FO-dgFWAKuL_z0sg&redirect_uri=http%3A%2F%2Flocalhost%3A8085%2F&code_verifier=hKiFE.Db1PcLyZDDEP1mBrNCgUa5j-yPx.QPSKiOJ9zntVIIYr4D3kvGsxoUkS42K.OmhbOH6wW6ss7Yrbhofok2FhKmxAGggMRn_EJ0MMA.1abybLMsJ0~uqxKEjoKL
2021-04-25 19:58:17,730 DEBUG    requests_oauthlib.oauth2_session Request to fetch token completed with status 200.
2021-04-25 19:58:17,730 DEBUG    requests_oauthlib.oauth2_session Request headers were {'user-agent': b'google-cloud-sdk gcloud/337.0.0 command/gcloud.auth.application-default.login invocation-id/571c73293cad4ad8b03d722f460e1603 environment/None environment-version/None interactive/True from-script/False python/3.9.1 term/xterm-256color (Macintosh; Intel Mac OS X 20.5.0)', 'Accept-Encoding': 'gzip, deflate', 'Accept': b'application/json', 'Connection': 'keep-alive', 'Content-Type': b'application/x-www-form-urlencoded;charset=UTF-8', 'Content-Length': '421'}
2021-04-25 19:58:17,730 DEBUG    requests_oauthlib.oauth2_session Request body was grant_type=authorization_code&client_id=764086051850-6qr4p6gpi6hn506pt8ejuq83di341hur.apps.googleusercontent.com&client_secret=d-FL95Q19q7MQmFpd7hHD0Ty&code=4%2F0AY0e-g7uJp-fGiKinnkD5S-PdXymIG9AHWpYj9s1aJhSHudUyhhVJ6FO-dgFWAKuL_z0sg&redirect_uri=http%3A%2F%2Flocalhost%3A8085%2F&code_verifier=hKiFE.Db1PcLyZDDEP1mBrNCgUa5j-yPx.QPSKiOJ9zntVIIYr4D3kvGsxoUkS42K.OmhbOH6wW6ss7Yrbhofok2FhKmxAGggMRn_EJ0MMA.1abybLMsJ0~uqxKEjoKL
2021-04-25 19:58:17,730 DEBUG    requests_oauthlib.oauth2_session Response headers were {'Cache-Control': 'no-cache, no-store, max-age=0, must-revalidate', 'Pragma': 'no-cache', 'Expires': 'Mon, 01 Jan 1990 00:00:00 GMT', 'Date': 'Mon, 26 Apr 2021 02:58:17 GMT', 'Content-Type': 'application/json; charset=utf-8', 'Vary': 'Origin, X-Origin, Referer', 'Content-Encoding': 'gzip', 'Server': 'scaffolding on HTTPServer2', 'X-XSS-Protection': '0', 'X-Frame-Options': 'SAMEORIGIN', 'X-Content-Type-Options': 'nosniff', 'Alt-Svc': 'h3-29=":443"; ma=2592000,h3-T051=":443"; ma=2592000,h3-Q050=":443"; ma=2592000,h3-Q046=":443"; ma=2592000,h3-Q043=":443"; ma=2592000,quic=":443"; ma=2592000; v="46,43"', 'Transfer-Encoding': 'chunked'} and content {
  "access_token": "ya29.a0AfH6SMDdBSZCcIEFTedJYvnBwaoJ8ErSp4E1QrxfEFRZgspgTrIVH2yRFrW3hIut7Fn4s0Xn_PMbi-daTFmqUj_lEr96Z_5j3w1MwOdIoHNqxGF1MCeJpfeIcw-T9Cuwce2KgHHTFXERCOkga8u5e0EnV0Ot",
  "expires_in": 3599,
  "refresh_token": "1//06ZVrRPgeRLKCCgYIARAAGAYSNwF-L9IrpDq6xpJITGu3PiX03rRgICxDqtaFvnH4RBgcSGf-KlGGuZGALKizNfiBsoIV5TWdlrg",
  "scope": "openid https://www.googleapis.com/auth/cloud-platform https://www.googleapis.com/auth/userinfo.email https://www.googleapis.com/auth/accounts.reauth",
  "token_type": "Bearer",
  "id_token": "eyJhbGciOiJSUzI1NiIsImtpZCI6ImRlOTU1NmFkNDY4MDMxMmMxMTdhZmFlZjI5MjBmNWY5OWE0Yzc5ZmQiLCJ0eXAiOiJKV1QifQ.eyJpc3MiOiJodHRwczovL2FjY291bnRzLmdvb2dsZS5jb20iLCJhenAiOiI3NjQwODYwNTE4NTAtNnFyNHA2Z3BpNmhuNTA2cHQ4ZWp1cTgzZGkzNDFodXIuYXBwcy5nb29nbGV1c2VyY29udGVudC5jb20iLCJhdWQiOiI3NjQwODYwNTE4NTAtNnFyNHA2Z3BpNmhuNTA2cHQ4ZWp1cTgzZGkzNDFodXIuYXBwcy5nb29nbGV1c2VyY29udGVudC5jb20iLCJzdWIiOiIxMTc5NjU5MzM0MDU3NzM4NTg1OTIiLCJoZCI6Im5pY25hYy5sdGQiLCJlbWFpbCI6ImxvY0BuaWNuYWMubHRkIiwiZW1haWxfdmVyaWZpZWQiOnRydWUsImF0X2hhc2giOiJFUHlsbm5yNldnMktta2IyYk90VXlRIiwiaWF0IjoxNjE5NDA1ODk3LCJleHAiOjE2MTk0MDk0OTd9.TPPxIZpOFZHahYbYbN4DLxIL7YLYt2FGguaeRY41e5Bl7a6k3p-BCxk_FUE9RDrlVDemqbtecZVIeMvzuRN25SWZ2N_SoAlR6Jt7Nb0PCODuKKX0hh2rXzN3NgiYznzZKL3km8Ic43mdDDfCzGsQwRKojVdHyw0WrtBYcj9xVY6aCnMTHWLjJsCMq_dBXzXv57MoykK9ikO2HoDw0XLZCoBFHB8Ec7qJb9hDTVrh4NDhmXwGzJFzIAXdAK7-0fYmKkmIzQ4pJYvii0KlVtSWd2ivOjqaRm1M9fRK87Zc3psQXX9MgXuq7MsaFdBFOE-p7Kv-xQf4TUR2X1MukHZkog"
}.
2021-04-25 19:58:17,730 DEBUG    requests_oauthlib.oauth2_session Invoking 0 token response hooks.
2021-04-25 19:58:17,731 DEBUG    requests_oauthlib.oauth2_session Obtained token {'access_token': 'ya29.a0AfH6SMDdBSZCcIEFTedJYvnBwaoJ8ErSp4E1QrxfEFRZgspgTrIVH2yRFrW3hIut7Fn4s0Xn_PMbi-daTFmqUj_lEr96Z_5j3w1MwOdIoHNqxGF1MCeJpfeIcw-T9Cuwce2KgHHTFXERCOkga8u5e0EnV0Ot', 'expires_in': 3599, 'refresh_token': '1//06ZVrRPgeRLKCCgYIARAAGAYSNwF-L9IrpDq6xpJITGu3PiX03rRgICxDqtaFvnH4RBgcSGf-KlGGuZGALKizNfiBsoIV5TWdlrg', 'scope': ['openid', 'https://www.googleapis.com/auth/cloud-platform', 'https://www.googleapis.com/auth/userinfo.email', 'https://www.googleapis.com/auth/accounts.reauth'], 'token_type': 'Bearer', 'id_token': 'eyJhbGciOiJSUzI1NiIsImtpZCI6ImRlOTU1NmFkNDY4MDMxMmMxMTdhZmFlZjI5MjBmNWY5OWE0Yzc5ZmQiLCJ0eXAiOiJKV1QifQ.eyJpc3MiOiJodHRwczovL2FjY291bnRzLmdvb2dsZS5jb20iLCJhenAiOiI3NjQwODYwNTE4NTAtNnFyNHA2Z3BpNmhuNTA2cHQ4ZWp1cTgzZGkzNDFodXIuYXBwcy5nb29nbGV1c2VyY29udGVudC5jb20iLCJhdWQiOiI3NjQwODYwNTE4NTAtNnFyNHA2Z3BpNmhuNTA2cHQ4ZWp1cTgzZGkzNDFodXIuYXBwcy5nb29nbGV1c2VyY29udGVudC5jb20iLCJzdWIiOiIxMTc5NjU5MzM0MDU3NzM4NTg1OTIiLCJoZCI6Im5pY25hYy5sdGQiLCJlbWFpbCI6ImxvY0BuaWNuYWMubHRkIiwiZW1haWxfdmVyaWZpZWQiOnRydWUsImF0X2hhc2giOiJFUHlsbm5yNldnMktta2IyYk90VXlRIiwiaWF0IjoxNjE5NDA1ODk3LCJleHAiOjE2MTk0MDk0OTd9.TPPxIZpOFZHahYbYbN4DLxIL7YLYt2FGguaeRY41e5Bl7a6k3p-BCxk_FUE9RDrlVDemqbtecZVIeMvzuRN25SWZ2N_SoAlR6Jt7Nb0PCODuKKX0hh2rXzN3NgiYznzZKL3km8Ic43mdDDfCzGsQwRKojVdHyw0WrtBYcj9xVY6aCnMTHWLjJsCMq_dBXzXv57MoykK9ikO2HoDw0XLZCoBFHB8Ec7qJb9hDTVrh4NDhmXwGzJFzIAXdAK7-0fYmKkmIzQ4pJYvii0KlVtSWd2ivOjqaRm1M9fRK87Zc3psQXX9MgXuq7MsaFdBFOE-p7Kv-xQf4TUR2X1MukHZkog', 'expires_at': 1619409496.7310479}.
2021-04-25 19:58:17,732 INFO     ___FILE_ONLY___ 
Credentials saved to file: [/Users/locnguyen/.config/gcloud/application_default_credentials.json]

2021-04-25 19:58:17,732 INFO     ___FILE_ONLY___ 
These credentials will be used by any library that requests Application Default Credentials (ADC).

2021-04-25 19:58:17,737 INFO     root            Using alternate credentials from file: [/Users/locnguyen/.config/gcloud/application_default_credentials.json]
2021-04-25 19:58:17,742 DEBUG    google.auth.transport.requests Making request: POST https://oauth2.googleapis.com/token
2021-04-25 19:58:17,747 DEBUG    urllib3.connectionpool Starting new HTTPS connection (1): oauth2.googleapis.com:443
2021-04-25 19:58:17,874 DEBUG    urllib3.connectionpool https://oauth2.googleapis.com:443 "POST /token HTTP/1.1" 200 None
2021-04-25 19:58:17,877 INFO     root            Using alternate credentials from file: [/Users/locnguyen/.config/gcloud/application_default_credentials.json]
2021-04-25 19:58:17,920 DEBUG    urllib3.connectionpool Starting new HTTPS connection (1): cloudresourcemanager.googleapis.com:443
2021-04-25 19:58:18,199 DEBUG    urllib3.connectionpool https://cloudresourcemanager.googleapis.com:443 "POST /v1/projects/corp-286819:testIamPermissions?alt=json HTTP/1.1" 200 None
2021-04-25 19:58:18,200 WARNING  root            
Cannot add the project "corp-286819" to ADC as the quota project because the account in ADC does not have the "serviceusage.services.use" permission on this project. You might receive a "quota_exceeded" or "API not enabled" error. Run $ gcloud auth application-default set-quota-project to add a quota project.
2021-04-25 19:58:18,201 INFO     root            Display format: "none"
