2021-04-25 19:57:50,290 DEBUG    root            No implementation for release track [GA] for element: [/opt/homebrew/Caskroom/google-cloud-sdk/latest/google-cloud-sdk/lib/surface/certificate_manager]
2021-04-25 19:57:50,290 DEBUG    root            No implementation for release track [GA] for element: [/opt/homebrew/Caskroom/google-cloud-sdk/latest/google-cloud-sdk/lib/surface/network_security]
2021-04-25 19:57:50,290 DEBUG    root            Loaded Command Group: ['gcloud', 'logging']
2021-04-25 19:57:50,291 DEBUG    root            Loaded Command Group: ['gcloud', 'domains']
2021-04-25 19:57:50,302 DEBUG    root            No implementation for release track [GA] for element: [/opt/homebrew/Caskroom/google-cloud-sdk/latest/google-cloud-sdk/lib/surface/events]
2021-04-25 19:57:50,303 DEBUG    root            Loaded Command Group: ['gcloud', 'pubsub']
2021-04-25 19:57:50,303 DEBUG    root            Loaded Command Group: ['gcloud', 'metastore']
2021-04-25 19:57:50,304 DEBUG    root            No implementation for release track [GA] for element: [/opt/homebrew/Caskroom/google-cloud-sdk/latest/google-cloud-sdk/lib/surface/runtime_config]
2021-04-25 19:57:50,304 DEBUG    root            Loaded Command Group: ['gcloud', 'meta']
2021-04-25 19:57:50,305 DEBUG    root            No implementation for release track [GA] for element: [/opt/homebrew/Caskroom/google-cloud-sdk/latest/google-cloud-sdk/lib/surface/genomics]
2021-04-25 19:57:50,305 DEBUG    root            Loaded Command Group: ['gcloud', 'builds']
2021-04-25 19:57:50,306 DEBUG    root            No implementation for release track [GA] for element: [/opt/homebrew/Caskroom/google-cloud-sdk/latest/google-cloud-sdk/lib/surface/storage]
2021-04-25 19:57:50,306 DEBUG    root            Loaded Command Group: ['gcloud', 'app']
2021-04-25 19:57:50,307 DEBUG    root            Loaded Command Group: ['gcloud', 'deployment_manager']
2021-04-25 19:57:50,309 DEBUG    root            Loaded Command Group: ['gcloud', 'feedback']
2021-04-25 19:57:50,310 DEBUG    root            Loaded Command Group: ['gcloud', 'redis']
2021-04-25 19:57:50,310 DEBUG    root            Loaded Command Group: ['gcloud', 'spanner']
2021-04-25 19:57:50,311 DEBUG    root            No implementation for release track [GA] for element: [/opt/homebrew/Caskroom/google-cloud-sdk/latest/google-cloud-sdk/lib/surface/transcoder]
2021-04-25 19:57:50,311 DEBUG    root            Loaded Command Group: ['gcloud', 'source']
2021-04-25 19:57:50,312 DEBUG    root            Loaded Command Group: ['gcloud', 'dataproc']
2021-04-25 19:57:50,321 DEBUG    root            Loaded Command Group: ['gcloud', 'api_gateway']
2021-04-25 19:57:50,322 DEBUG    root            No implementation for release track [GA] for element: [/opt/homebrew/Caskroom/google-cloud-sdk/latest/google-cloud-sdk/lib/surface/edge_container]
2021-04-25 19:57:50,322 DEBUG    root            Loaded Command Group: ['gcloud', 'run']
2021-04-25 19:57:50,324 DEBUG    root            Loaded Command Group: ['gcloud', 'survey']
2021-04-25 19:57:50,324 DEBUG    root            Loaded Command Group: ['gcloud', 'endpoints']
2021-04-25 19:57:50,325 DEBUG    root            Loaded Command Group: ['gcloud', 'resource_settings']
2021-04-25 19:57:50,326 DEBUG    root            Loaded Command Group: ['gcloud', 'cheat_sheet']
2021-04-25 19:57:50,326 DEBUG    root            No implementation for release track [GA] for element: [/opt/homebrew/Caskroom/google-cloud-sdk/latest/google-cloud-sdk/lib/surface/trace]
2021-04-25 19:57:50,327 DEBUG    root            No implementation for release track [GA] for element: [/opt/homebrew/Caskroom/google-cloud-sdk/latest/google-cloud-sdk/lib/surface/essential_contacts]
2021-04-25 19:57:50,327 DEBUG    root            Loaded Command Group: ['gcloud', 'bigtable']
2021-04-25 19:57:50,327 DEBUG    root            Loaded Command Group: ['gcloud', 'billing']
2021-04-25 19:57:50,329 DEBUG    root            Loaded Command Group: ['gcloud', 'info']
2021-04-25 19:57:50,329 DEBUG    root            No implementation for release track [GA] for element: [/opt/homebrew/Caskroom/google-cloud-sdk/latest/google-cloud-sdk/lib/surface/lifesciences]
2021-04-25 19:57:50,330 DEBUG    root            Loaded Command Group: ['gcloud', 'scc']
2021-04-25 19:57:50,330 DEBUG    root            No implementation for release track [GA] for element: [/opt/homebrew/Caskroom/google-cloud-sdk/latest/google-cloud-sdk/lib/surface/network_services]
2021-04-25 19:57:50,331 DEBUG    root            Loaded Command Group: ['gcloud', 'identity']
2021-04-25 19:57:50,331 DEBUG    root            No implementation for release track [GA] for element: [/opt/homebrew/Caskroom/google-cloud-sdk/latest/google-cloud-sdk/lib/surface/privateca]
2021-04-25 19:57:50,331 DEBUG    root            Loaded Command Group: ['gcloud', 'dns']
2021-04-25 19:57:50,332 DEBUG    root            Loaded Command Group: ['gcloud', 'apigee']
2021-04-25 19:57:50,333 DEBUG    root            Loaded Command Group: ['gcloud', 'workflows']
2021-04-25 19:57:50,333 DEBUG    root            Loaded Command Group: ['gcloud', 'access_context_manager']
2021-04-25 19:57:50,334 DEBUG    root            No implementation for release track [GA] for element: [/opt/homebrew/Caskroom/google-cloud-sdk/latest/google-cloud-sdk/lib/surface/labelmanager]
2021-04-25 19:57:50,334 DEBUG    root            Loaded Command Group: ['gcloud', 'tasks']
2021-04-25 19:57:50,335 DEBUG    root            Loaded Command Group: ['gcloud', 'healthcare']
2021-04-25 19:57:50,335 DEBUG    root            Loaded Command Group: ['gcloud', 'datastore']
2021-04-25 19:57:50,336 DEBUG    root            Loaded Command Group: ['gcloud', 'anthos']
2021-04-25 19:57:50,337 DEBUG    root            Loaded Command Group: ['gcloud', 'version']
2021-04-25 19:57:50,337 DEBUG    root            No implementation for release track [GA] for element: [/opt/homebrew/Caskroom/google-cloud-sdk/latest/google-cloud-sdk/lib/surface/access_approval]
2021-04-25 19:57:50,338 DEBUG    root            No implementation for release track [GA] for element: [/opt/homebrew/Caskroom/google-cloud-sdk/latest/google-cloud-sdk/lib/surface/dialogflow]
2021-04-25 19:57:50,338 DEBUG    root            Loaded Command Group: ['gcloud', 'organizations']
2021-04-25 19:57:50,338 DEBUG    root            Loaded Command Group: ['gcloud', 'workspace_add_ons']
2021-04-25 19:57:50,339 DEBUG    root            Loaded Command Group: ['gcloud', 'org_policies']
2021-04-25 19:57:50,342 DEBUG    root            Loaded Command Group: ['gcloud', 'projects']
2021-04-25 19:57:50,342 DEBUG    root            Loaded Command Group: ['gcloud', 'monitoring']
2021-04-25 19:57:50,343 DEBUG    root            Loaded Command Group: ['gcloud', 'init']
2021-04-25 19:57:50,344 DEBUG    root            No implementation for release track [GA] for element: [/opt/homebrew/Caskroom/google-cloud-sdk/latest/google-cloud-sdk/lib/surface/deploy]
2021-04-25 19:57:50,344 DEBUG    root            Loaded Command Group: ['gcloud', 'kms']
2021-04-25 19:57:50,345 DEBUG    root            Loaded Command Group: ['gcloud', 'scheduler']
2021-04-25 19:57:50,345 DEBUG    root            Loaded Command Group: ['gcloud', 'resource_manager']
2021-04-25 19:57:50,346 DEBUG    root            Loaded Command Group: ['gcloud', 'sql']
2021-04-25 19:57:50,347 DEBUG    root            Loaded Command Group: ['gcloud', 'ml_engine']
2021-04-25 19:57:50,347 DEBUG    root            Loaded Command Group: ['gcloud', 'dataflow']
2021-04-25 19:57:50,348 DEBUG    root            Loaded Command Group: ['gcloud', 'iap']
2021-04-25 19:57:50,349 DEBUG    root            Loaded Command Group: ['gcloud', 'policy_troubleshoot']
2021-04-25 19:57:50,349 DEBUG    root            Loaded Command Group: ['gcloud', 'composer']
2021-04-25 19:57:50,350 DEBUG    root            Loaded Command Group: ['gcloud', 'game']
2021-04-25 19:57:50,350 DEBUG    root            Loaded Command Group: ['gcloud', 'secrets']
2021-04-25 19:57:50,351 DEBUG    root            Loaded Command Group: ['gcloud', 'ai_platform']
2021-04-25 19:57:50,352 DEBUG    root            Loaded Command Group: ['gcloud', 'debug']
2021-04-25 19:57:50,353 DEBUG    root            Loaded Command Group: ['gcloud', 'iot']
2021-04-25 19:57:50,353 DEBUG    root            No implementation for release track [GA] for element: [/opt/homebrew/Caskroom/google-cloud-sdk/latest/google-cloud-sdk/lib/surface/network_connectivity]
2021-04-25 19:57:50,353 DEBUG    root            Loaded Command Group: ['gcloud', 'iam']
2021-04-25 19:57:50,375 DEBUG    root            No implementation for release track [GA] for element: [/opt/homebrew/Caskroom/google-cloud-sdk/latest/google-cloud-sdk/lib/surface/interactive]
2021-04-25 19:57:50,376 DEBUG    root            No implementation for release track [GA] for element: [/opt/homebrew/Caskroom/google-cloud-sdk/latest/google-cloud-sdk/lib/surface/web_security_scanner]
2021-04-25 19:57:50,376 DEBUG    root            No implementation for release track [GA] for element: [/opt/homebrew/Caskroom/google-cloud-sdk/latest/google-cloud-sdk/lib/surface/data_fusion]
2021-04-25 19:57:50,376 DEBUG    root            No implementation for release track [GA] for element: [/opt/homebrew/Caskroom/google-cloud-sdk/latest/google-cloud-sdk/lib/surface/alloydb]
2021-04-25 19:57:50,376 DEBUG    root            Loaded Command Group: ['gcloud', 'notebooks']
2021-04-25 19:57:50,377 DEBUG    root            Loaded Command Group: ['gcloud', 'firestore']
2021-04-25 19:57:50,378 DEBUG    root            No implementation for release track [GA] for element: [/opt/homebrew/Caskroom/google-cloud-sdk/latest/google-cloud-sdk/lib/surface/blueprints]
2021-04-25 19:57:50,378 DEBUG    root            Loaded Command Group: ['gcloud', 'artifacts']
2021-04-25 19:57:50,379 DEBUG    root            No implementation for release track [GA] for element: [/opt/homebrew/Caskroom/google-cloud-sdk/latest/google-cloud-sdk/lib/surface/vmware]
2021-04-25 19:57:50,379 DEBUG    root            Loaded Command Group: ['gcloud', 'data_catalog']
2021-04-25 19:57:50,380 DEBUG    root            Loaded Command Group: ['gcloud', 'topic']
2021-04-25 19:57:50,382 DEBUG    root            Loaded Command Group: ['gcloud', 'docker']
2021-04-25 19:57:50,383 DEBUG    root            Loaded Command Group: ['gcloud', 'memcache']
2021-04-25 19:57:50,383 DEBUG    root            Loaded Command Group: ['gcloud', 'cloud_shell']
2021-04-25 19:57:50,384 DEBUG    root            No implementation for release track [GA] for element: [/opt/homebrew/Caskroom/google-cloud-sdk/latest/google-cloud-sdk/lib/surface/code]
2021-04-25 19:57:50,385 DEBUG    root            Loaded Command Group: ['gcloud', 'config']
2021-04-25 19:57:50,386 DEBUG    root            Loaded Command Group: ['gcloud', 'functions']
2021-04-25 19:57:50,387 DEBUG    root            Loaded Command Group: ['gcloud', 'container']
2021-04-25 19:57:50,387 DEBUG    root            Loaded Command Group: ['gcloud', 'eventarc']
2021-04-25 19:57:50,388 DEBUG    root            Loaded Command Group: ['gcloud', 'services']
2021-04-25 19:57:50,389 DEBUG    root            No implementation for release track [GA] for element: [/opt/homebrew/Caskroom/google-cloud-sdk/latest/google-cloud-sdk/lib/surface/dlp]
2021-04-25 19:57:50,389 DEBUG    root            Loaded Command Group: ['gcloud', 'components']
2021-04-25 19:57:50,391 DEBUG    root            Loaded Command Group: ['gcloud', 'help']
2021-04-25 19:57:50,391 DEBUG    root            No implementation for release track [GA] for element: [/opt/homebrew/Caskroom/google-cloud-sdk/latest/google-cloud-sdk/lib/surface/recaptcha]
2021-04-25 19:57:50,392 DEBUG    root            Loaded Command Group: ['gcloud', 'network_management']
2021-04-25 19:57:50,392 DEBUG    root            Loaded Command Group: ['gcloud', 'auth']
2021-04-25 19:57:50,393 DEBUG    root            Loaded Command Group: ['gcloud', 'assured']
2021-04-25 19:57:50,393 DEBUG    root            Loaded Command Group: ['gcloud', 'filestore']
2021-04-25 19:57:50,394 DEBUG    root            Loaded Command Group: ['gcloud', 'firebase']
2021-04-25 19:57:50,395 DEBUG    root            No implementation for release track [GA] for element: [/opt/homebrew/Caskroom/google-cloud-sdk/latest/google-cloud-sdk/lib/surface/resource_config]
2021-04-25 19:57:50,395 DEBUG    root            Loaded Command Group: ['gcloud', 'recommender']
2021-04-25 19:57:50,396 DEBUG    root            No implementation for release track [GA] for element: [/opt/homebrew/Caskroom/google-cloud-sdk/latest/google-cloud-sdk/lib/surface/edge_cache]
2021-04-25 19:57:50,396 DEBUG    root            Loaded Command Group: ['gcloud', 'asset']
2021-04-25 19:57:50,410 DEBUG    root            Loaded Command Group: ['gcloud', 'compute']
2021-04-25 19:57:50,411 DEBUG    root            Loaded Command Group: ['gcloud', 'active_directory']
2021-04-25 19:57:50,412 DEBUG    root            No implementation for release track [GA] for element: [/opt/homebrew/Caskroom/google-cloud-sdk/latest/google-cloud-sdk/lib/surface/commerce_procurement]
2021-04-25 19:57:50,412 DEBUG    root            No implementation for release track [GA] for element: [/opt/homebrew/Caskroom/google-cloud-sdk/latest/google-cloud-sdk/lib/surface/kuberun]
2021-04-25 19:57:50,412 DEBUG    root            No implementation for release track [GA] for element: [/opt/homebrew/Caskroom/google-cloud-sdk/latest/google-cloud-sdk/lib/surface/publicca]
2021-04-25 19:57:50,413 DEBUG    root            No implementation for release track [GA] for element: [/opt/homebrew/Caskroom/google-cloud-sdk/latest/google-cloud-sdk/lib/surface/admin_service_cluster]
2021-04-25 19:57:50,413 DEBUG    root            Loaded Command Group: ['gcloud', 'emulators']
2021-04-25 19:57:50,414 DEBUG    root            Loaded Command Group: ['gcloud', 'database_migration']
2021-04-25 19:57:50,414 DEBUG    root            Loaded Command Group: ['gcloud', 'ml']
2021-04-25 19:57:50,415 DEBUG    root            No implementation for release track [GA] for element: [/opt/homebrew/Caskroom/google-cloud-sdk/latest/google-cloud-sdk/lib/surface/media]
2021-04-25 19:57:50,415 DEBUG    root            No implementation for release track [GA] for element: [/opt/homebrew/Caskroom/google-cloud-sdk/latest/google-cloud-sdk/lib/surface/bq]
2021-04-25 19:57:50,415 DEBUG    root            No implementation for release track [GA] for element: [/opt/homebrew/Caskroom/google-cloud-sdk/latest/google-cloud-sdk/lib/surface/error_reporting]
2021-04-25 19:57:50,415 DEBUG    root            No implementation for release track [GA] for element: [/opt/homebrew/Caskroom/google-cloud-sdk/latest/google-cloud-sdk/lib/surface/remote_build_execution]
2021-04-25 19:57:50,416 DEBUG    root            Loaded Command Group: ['gcloud', 'ai']
2021-04-25 19:57:50,416 DEBUG    root            Loaded Command Group: ['gcloud', 'service_directory']
2021-04-25 19:57:50,417 ERROR    root            (gcloud) Invalid choice: 'login'.
