2021-04-25 19:57:44,517 ERROR    root            (gcloud) Command name argument expected.
2021-04-25 19:57:44,517 DEBUG    root            Loaded Command Group: ['gcloud', 'components']
2021-04-25 19:57:44,518 DEBUG    root            Loaded Command Group: ['gcloud', 'apigee']
2021-04-25 19:57:44,519 DEBUG    root            Loaded Command Group: ['gcloud', 'firestore']
2021-04-25 19:57:44,520 DEBUG    root            Loaded Command Group: ['gcloud', 'iap']
2021-04-25 19:57:44,521 DEBUG    root            Loaded Command Group: ['gcloud', 'workspace_add_ons']
2021-04-25 19:57:44,523 DEBUG    root            Loaded Command Group: ['gcloud', 'info']
2021-04-25 19:57:44,525 DEBUG    root            Loaded Command Group: ['gcloud', 'artifacts']
2021-04-25 19:57:44,527 DEBUG    root            No implementation for release track [GA] for element: [/opt/homebrew/Caskroom/google-cloud-sdk/latest/google-cloud-sdk/lib/surface/code]
2021-04-25 19:57:44,527 DEBUG    root            Loaded Command Group: ['gcloud', 'config']
2021-04-25 19:57:44,528 DEBUG    root            Loaded Command Group: ['gcloud', 'data_catalog']
2021-04-25 19:57:44,529 DEBUG    root            Loaded Command Group: ['gcloud', 'endpoints']
2021-04-25 19:57:44,529 DEBUG    root            Loaded Command Group: ['gcloud', 'game']
2021-04-25 19:57:44,530 DEBUG    root            Loaded Command Group: ['gcloud', 'notebooks']
2021-04-25 19:57:44,531 DEBUG    root            No implementation for release track [GA] for element: [/opt/homebrew/Caskroom/google-cloud-sdk/latest/google-cloud-sdk/lib/surface/dialogflow]
2021-04-25 19:57:44,533 DEBUG    root            Loaded Command Group: ['gcloud', 'help']
2021-04-25 19:57:44,534 DEBUG    root            No implementation for release track [GA] for element: [/opt/homebrew/Caskroom/google-cloud-sdk/latest/google-cloud-sdk/lib/surface/network_connectivity]
2021-04-25 19:57:44,535 DEBUG    root            Loaded Command Group: ['gcloud', 'secrets']
2021-04-25 19:57:44,544 DEBUG    root            Loaded Command Group: ['gcloud', 'ml_engine']
2021-04-25 19:57:44,545 DEBUG    root            No implementation for release track [GA] for element: [/opt/homebrew/Caskroom/google-cloud-sdk/latest/google-cloud-sdk/lib/surface/web_security_scanner]
2021-04-25 19:57:44,545 DEBUG    root            No implementation for release track [GA] for element: [/opt/homebrew/Caskroom/google-cloud-sdk/latest/google-cloud-sdk/lib/surface/lifesciences]
2021-04-25 19:57:44,545 DEBUG    root            Loaded Command Group: ['gcloud', 'kms']
2021-04-25 19:57:44,546 DEBUG    root            Loaded Command Group: ['gcloud', 'scc']
2021-04-25 19:57:44,546 DEBUG    root            Loaded Command Group: ['gcloud', 'assured']
2021-04-25 19:57:44,547 DEBUG    root            No implementation for release track [GA] for element: [/opt/homebrew/Caskroom/google-cloud-sdk/latest/google-cloud-sdk/lib/surface/media]
2021-04-25 19:57:44,548 DEBUG    root            No implementation for release track [GA] for element: [/opt/homebrew/Caskroom/google-cloud-sdk/latest/google-cloud-sdk/lib/surface/alloydb]
2021-04-25 19:57:44,548 DEBUG    root            No implementation for release track [GA] for element: [/opt/homebrew/Caskroom/google-cloud-sdk/latest/google-cloud-sdk/lib/surface/runtime_config]
2021-04-25 19:57:44,548 DEBUG    root            No implementation for release track [GA] for element: [/opt/homebrew/Caskroom/google-cloud-sdk/latest/google-cloud-sdk/lib/surface/access_approval]
2021-04-25 19:57:44,549 DEBUG    root            Loaded Command Group: ['gcloud', 'anthos']
2021-04-25 19:57:44,549 DEBUG    root            Loaded Command Group: ['gcloud', 'auth']
2021-04-25 19:57:44,551 DEBUG    root            Loaded Command Group: ['gcloud', 'feedback']
2021-04-25 19:57:44,551 DEBUG    root            Loaded Command Group: ['gcloud', 'run']
2021-04-25 19:57:44,552 DEBUG    root            Loaded Command Group: ['gcloud', 'iot']
2021-04-25 19:57:44,553 DEBUG    root            Loaded Command Group: ['gcloud', 'datastore']
2021-04-25 19:57:44,553 DEBUG    root            No implementation for release track [GA] for element: [/opt/homebrew/Caskroom/google-cloud-sdk/latest/google-cloud-sdk/lib/surface/dlp]
2021-04-25 19:57:44,554 DEBUG    root            Loaded Command Group: ['gcloud', 'iam']
2021-04-25 19:57:44,554 DEBUG    root            Loaded Command Group: ['gcloud', 'scheduler']
2021-04-25 19:57:44,556 DEBUG    root            Loaded Command Group: ['gcloud', 'debug']
2021-04-25 19:57:44,556 DEBUG    root            Loaded Command Group: ['gcloud', 'firebase']
2021-04-25 19:57:44,557 DEBUG    root            Loaded Command Group: ['gcloud', 'sql']
2021-04-25 19:57:44,557 DEBUG    root            Loaded Command Group: ['gcloud', 'composer']
2021-04-25 19:57:44,558 DEBUG    root            Loaded Command Group: ['gcloud', 'functions']
2021-04-25 19:57:44,559 DEBUG    root            No implementation for release track [GA] for element: [/opt/homebrew/Caskroom/google-cloud-sdk/latest/google-cloud-sdk/lib/surface/network_security]
2021-04-25 19:57:44,559 DEBUG    root            No implementation for release track [GA] for element: [/opt/homebrew/Caskroom/google-cloud-sdk/latest/google-cloud-sdk/lib/surface/labelmanager]
2021-04-25 19:57:44,572 DEBUG    root            Loaded Command Group: ['gcloud', 'compute']
2021-04-25 19:57:44,573 DEBUG    root            Loaded Command Group: ['gcloud', 'deployment_manager']
2021-04-25 19:57:44,574 DEBUG    root            Loaded Command Group: ['gcloud', 'dataflow']
2021-04-25 19:57:44,575 DEBUG    root            No implementation for release track [GA] for element: [/opt/homebrew/Caskroom/google-cloud-sdk/latest/google-cloud-sdk/lib/surface/essential_contacts]
2021-04-25 19:57:44,576 DEBUG    root            Loaded Command Group: ['gcloud', 'projects']
2021-04-25 19:57:44,577 DEBUG    root            Loaded Command Group: ['gcloud', 'healthcare']
2021-04-25 19:57:44,578 DEBUG    root            Loaded Command Group: ['gcloud', 'emulators']
2021-04-25 19:57:44,579 DEBUG    root            No implementation for release track [GA] for element: [/opt/homebrew/Caskroom/google-cloud-sdk/latest/google-cloud-sdk/lib/surface/error_reporting]
2021-04-25 19:57:44,579 DEBUG    root            Loaded Command Group: ['gcloud', 'memcache']
2021-04-25 19:57:44,580 DEBUG    root            No implementation for release track [GA] for element: [/opt/homebrew/Caskroom/google-cloud-sdk/latest/google-cloud-sdk/lib/surface/data_fusion]
2021-04-25 19:57:44,580 DEBUG    root            No implementation for release track [GA] for element: [/opt/homebrew/Caskroom/google-cloud-sdk/latest/google-cloud-sdk/lib/surface/certificate_manager]
2021-04-25 19:57:44,580 DEBUG    root            Loaded Command Group: ['gcloud', 'cheat_sheet']
2021-04-25 19:57:44,581 DEBUG    root            Loaded Command Group: ['gcloud', 'redis']
2021-04-25 19:57:44,582 DEBUG    root            Loaded Command Group: ['gcloud', 'dataproc']
2021-04-25 19:57:44,582 DEBUG    root            Loaded Command Group: ['gcloud', 'source']
2021-04-25 19:57:44,583 DEBUG    root            Loaded Command Group: ['gcloud', 'spanner']
2021-04-25 19:57:44,584 DEBUG    root            Loaded Command Group: ['gcloud', 'dns']
2021-04-25 19:57:44,584 DEBUG    root            Loaded Command Group: ['gcloud', 'filestore']
2021-04-25 19:57:44,585 DEBUG    root            No implementation for release track [GA] for element: [/opt/homebrew/Caskroom/google-cloud-sdk/latest/google-cloud-sdk/lib/surface/network_services]
2021-04-25 19:57:44,585 DEBUG    root            Loaded Command Group: ['gcloud', 'monitoring']
2021-04-25 19:57:44,586 DEBUG    root            Loaded Command Group: ['gcloud', 'access_context_manager']
2021-04-25 19:57:44,587 DEBUG    root            Loaded Command Group: ['gcloud', 'policy_troubleshoot']
2021-04-25 19:57:44,587 DEBUG    root            No implementation for release track [GA] for element: [/opt/homebrew/Caskroom/google-cloud-sdk/latest/google-cloud-sdk/lib/surface/bq]
2021-04-25 19:57:44,587 DEBUG    root            No implementation for release track [GA] for element: [/opt/homebrew/Caskroom/google-cloud-sdk/latest/google-cloud-sdk/lib/surface/storage]
2021-04-25 19:57:44,588 DEBUG    root            No implementation for release track [GA] for element: [/opt/homebrew/Caskroom/google-cloud-sdk/latest/google-cloud-sdk/lib/surface/edge_container]
2021-04-25 19:57:44,588 DEBUG    root            Loaded Command Group: ['gcloud', 'builds']
2021-04-25 19:57:44,589 DEBUG    root            Loaded Command Group: ['gcloud', 'ml']
2021-04-25 19:57:44,590 DEBUG    root            Loaded Command Group: ['gcloud', 'app']
2021-04-25 19:57:44,590 DEBUG    root            No implementation for release track [GA] for element: [/opt/homebrew/Caskroom/google-cloud-sdk/latest/google-cloud-sdk/lib/surface/recaptcha]
2021-04-25 19:57:44,600 DEBUG    root            No implementation for release track [GA] for element: [/opt/homebrew/Caskroom/google-cloud-sdk/latest/google-cloud-sdk/lib/surface/events]
2021-04-25 19:57:44,602 DEBUG    root            Loaded Command Group: ['gcloud', 'survey']
2021-04-25 19:57:44,602 DEBUG    root            Loaded Command Group: ['gcloud', 'active_directory']
2021-04-25 19:57:44,603 DEBUG    root            No implementation for release track [GA] for element: [/opt/homebrew/Caskroom/google-cloud-sdk/latest/google-cloud-sdk/lib/surface/deploy]
2021-04-25 19:57:44,603 DEBUG    root            Loaded Command Group: ['gcloud', 'container']
2021-04-25 19:57:44,604 DEBUG    root            Loaded Command Group: ['gcloud', 'services']
2021-04-25 19:57:44,605 DEBUG    root            Loaded Command Group: ['gcloud', 'org_policies']
2021-04-25 19:57:44,606 DEBUG    root            Loaded Command Group: ['gcloud', 'version']
2021-04-25 19:57:44,606 DEBUG    root            Loaded Command Group: ['gcloud', 'api_gateway']
2021-04-25 19:57:44,609 DEBUG    root            Loaded Command Group: ['gcloud', 'docker']
2021-04-25 19:57:44,610 DEBUG    root            No implementation for release track [GA] for element: [/opt/homebrew/Caskroom/google-cloud-sdk/latest/google-cloud-sdk/lib/surface/commerce_procurement]
2021-04-25 19:57:44,610 DEBUG    root            Loaded Command Group: ['gcloud', 'network_management']
2021-04-25 19:57:44,611 DEBUG    root            No implementation for release track [GA] for element: [/opt/homebrew/Caskroom/google-cloud-sdk/latest/google-cloud-sdk/lib/surface/blueprints]
2021-04-25 19:57:44,611 DEBUG    root            No implementation for release track [GA] for element: [/opt/homebrew/Caskroom/google-cloud-sdk/latest/google-cloud-sdk/lib/surface/resource_config]
2021-04-25 19:57:44,611 DEBUG    root            No implementation for release track [GA] for element: [/opt/homebrew/Caskroom/google-cloud-sdk/latest/google-cloud-sdk/lib/surface/admin_service_cluster]
2021-04-25 19:57:44,612 DEBUG    root            Loaded Command Group: ['gcloud', 'domains']
2021-04-25 19:57:44,612 DEBUG    root            Loaded Command Group: ['gcloud', 'tasks']
2021-04-25 19:57:44,613 DEBUG    root            Loaded Command Group: ['gcloud', 'cloud_shell']
2021-04-25 19:57:44,614 DEBUG    root            No implementation for release track [GA] for element: [/opt/homebrew/Caskroom/google-cloud-sdk/latest/google-cloud-sdk/lib/surface/genomics]
2021-04-25 19:57:44,614 DEBUG    root            Loaded Command Group: ['gcloud', 'metastore']
2021-04-25 19:57:44,614 DEBUG    root            No implementation for release track [GA] for element: [/opt/homebrew/Caskroom/google-cloud-sdk/latest/google-cloud-sdk/lib/surface/privateca]
2021-04-25 19:57:44,615 DEBUG    root            Loaded Command Group: ['gcloud', 'pubsub']
2021-04-25 19:57:44,615 DEBUG    root            No implementation for release track [GA] for element: [/opt/homebrew/Caskroom/google-cloud-sdk/latest/google-cloud-sdk/lib/surface/edge_cache]
2021-04-25 19:57:44,615 DEBUG    root            Loaded Command Group: ['gcloud', 'ai_platform']
2021-04-25 19:57:44,616 DEBUG    root            Loaded Command Group: ['gcloud', 'bigtable']
2021-04-25 19:57:44,617 DEBUG    root            Loaded Command Group: ['gcloud', 'service_directory']
2021-04-25 19:57:44,617 DEBUG    root            No implementation for release track [GA] for element: [/opt/homebrew/Caskroom/google-cloud-sdk/latest/google-cloud-sdk/lib/surface/transcoder]
2021-04-25 19:57:44,618 DEBUG    root            Loaded Command Group: ['gcloud', 'meta']
2021-04-25 19:57:44,618 DEBUG    root            Loaded Command Group: ['gcloud', 'eventarc']
2021-04-25 19:57:44,620 DEBUG    root            Loaded Command Group: ['gcloud', 'init']
2021-04-25 19:57:44,620 DEBUG    root            Loaded Command Group: ['gcloud', 'identity']
2021-04-25 19:57:44,621 DEBUG    root            Loaded Command Group: ['gcloud', 'ai']
2021-04-25 19:57:44,622 DEBUG    root            No implementation for release track [GA] for element: [/opt/homebrew/Caskroom/google-cloud-sdk/latest/google-cloud-sdk/lib/surface/remote_build_execution]
2021-04-25 19:57:44,622 DEBUG    root            No implementation for release track [GA] for element: [/opt/homebrew/Caskroom/google-cloud-sdk/latest/google-cloud-sdk/lib/surface/kuberun]
2021-04-25 19:57:44,622 DEBUG    root            No implementation for release track [GA] for element: [/opt/homebrew/Caskroom/google-cloud-sdk/latest/google-cloud-sdk/lib/surface/vmware]
2021-04-25 19:57:44,646 DEBUG    root            No implementation for release track [GA] for element: [/opt/homebrew/Caskroom/google-cloud-sdk/latest/google-cloud-sdk/lib/surface/interactive]
2021-04-25 19:57:44,647 DEBUG    root            Loaded Command Group: ['gcloud', 'workflows']
2021-04-25 19:57:44,647 DEBUG    root            Loaded Command Group: ['gcloud', 'resource_settings']
2021-04-25 19:57:44,648 DEBUG    root            Loaded Command Group: ['gcloud', 'database_migration']
2021-04-25 19:57:44,649 DEBUG    root            Loaded Command Group: ['gcloud', 'resource_manager']
2021-04-25 19:57:44,649 DEBUG    root            Loaded Command Group: ['gcloud', 'billing']
2021-04-25 19:57:44,650 DEBUG    root            Loaded Command Group: ['gcloud', 'organizations']
2021-04-25 19:57:44,651 DEBUG    root            No implementation for release track [GA] for element: [/opt/homebrew/Caskroom/google-cloud-sdk/latest/google-cloud-sdk/lib/surface/publicca]
2021-04-25 19:57:44,651 DEBUG    root            Loaded Command Group: ['gcloud', 'recommender']
2021-04-25 19:57:44,651 DEBUG    root            Loaded Command Group: ['gcloud', 'logging']
2021-04-25 19:57:44,652 DEBUG    root            Loaded Command Group: ['gcloud', 'topic']
2021-04-25 19:57:44,653 DEBUG    root            Loaded Command Group: ['gcloud', 'asset']
2021-04-25 19:57:44,654 DEBUG    root            No implementation for release track [GA] for element: [/opt/homebrew/Caskroom/google-cloud-sdk/latest/google-cloud-sdk/lib/surface/trace]
2021-04-25 19:57:47,902 INFO     ___FILE_ONLY___ 

Command killed by keyboard interrupt


