2021-04-25 19:55:34,800 DEBUG    root            Loaded Command Group: ['gcloud', 'components']
2021-04-25 19:55:34,802 DEBUG    root            Loaded Command Group: ['gcloud', 'components', 'update']
2021-04-25 19:55:34,803 DEBUG    root            Running [gcloud.components.update] with arguments: [--allow-no-backup: "True", --quiet: "True", COMPONENT-IDS:6: "['core', 'gcloud-deps', 'bq', 'gcloud', 'gsutil', 'anthoscli']"]
2021-04-25 19:55:34,804 INFO     ___FILE_ONLY___ Beginning update. This process may take several minutes.

2021-04-25 19:55:37,084 INFO     ___FILE_ONLY___ 

2021-04-25 19:55:37,085 INFO     ___FILE_ONLY___ 
Your current Cloud SDK version is: 337.0.0

2021-04-25 19:55:37,085 INFO     ___FILE_ONLY___ Installing components from version: 337.0.0

2021-04-25 19:55:37,085 INFO     ___FILE_ONLY___ 

2021-04-25 19:55:37,159 INFO     ___FILE_ONLY___ ┌─────────────────────────────────────────────────────────────────────────────┐
2021-04-25 19:55:37,159 INFO     ___FILE_ONLY___ 

2021-04-25 19:55:37,159 INFO     ___FILE_ONLY___ │                     These components will be installed.                     │
2021-04-25 19:55:37,159 INFO     ___FILE_ONLY___ 

2021-04-25 19:55:37,159 INFO     ___FILE_ONLY___ ├─────────────────────────────────────────────────────┬────────────┬──────────┤
2021-04-25 19:55:37,159 INFO     ___FILE_ONLY___ 

2021-04-25 19:55:37,159 INFO     ___FILE_ONLY___ │                         Name                        │  Version   │   Size   │
2021-04-25 19:55:37,159 INFO     ___FILE_ONLY___ 

2021-04-25 19:55:37,159 INFO     ___FILE_ONLY___ ├─────────────────────────────────────────────────────┼────────────┼──────────┤
2021-04-25 19:55:37,159 INFO     ___FILE_ONLY___ 

2021-04-25 19:55:37,159 INFO     ___FILE_ONLY___ │ 
2021-04-25 19:55:37,159 INFO     ___FILE_ONLY___ BigQuery Command Line Tool                         
2021-04-25 19:55:37,159 INFO     ___FILE_ONLY___  
2021-04-25 19:55:37,159 INFO     ___FILE_ONLY___ │ 
2021-04-25 19:55:37,159 INFO     ___FILE_ONLY___     2.0.67
2021-04-25 19:55:37,159 INFO     ___FILE_ONLY___  
2021-04-25 19:55:37,159 INFO     ___FILE_ONLY___ │ 
2021-04-25 19:55:37,159 INFO     ___FILE_ONLY___  < 1 MiB
2021-04-25 19:55:37,159 INFO     ___FILE_ONLY___  
2021-04-25 19:55:37,159 INFO     ___FILE_ONLY___ │
2021-04-25 19:55:37,159 INFO     ___FILE_ONLY___ 

2021-04-25 19:55:37,159 INFO     ___FILE_ONLY___ │ 
2021-04-25 19:55:37,159 INFO     ___FILE_ONLY___ BigQuery Command Line Tool (Platform Specific)     
2021-04-25 19:55:37,159 INFO     ___FILE_ONLY___  
2021-04-25 19:55:37,159 INFO     ___FILE_ONLY___ │ 
2021-04-25 19:55:37,159 INFO     ___FILE_ONLY___     2.0.65
2021-04-25 19:55:37,159 INFO     ___FILE_ONLY___  
2021-04-25 19:55:37,159 INFO     ___FILE_ONLY___ │ 
2021-04-25 19:55:37,159 INFO     ___FILE_ONLY___  < 1 MiB
2021-04-25 19:55:37,160 INFO     ___FILE_ONLY___  
2021-04-25 19:55:37,160 INFO     ___FILE_ONLY___ │
2021-04-25 19:55:37,160 INFO     ___FILE_ONLY___ 

2021-04-25 19:55:37,160 INFO     ___FILE_ONLY___ │ 
2021-04-25 19:55:37,160 INFO     ___FILE_ONLY___ Cloud SDK Core Libraries (Platform Specific)       
2021-04-25 19:55:37,160 INFO     ___FILE_ONLY___  
2021-04-25 19:55:37,160 INFO     ___FILE_ONLY___ │ 
2021-04-25 19:55:37,160 INFO     ___FILE_ONLY___ 2021.03.12
2021-04-25 19:55:37,160 INFO     ___FILE_ONLY___  
2021-04-25 19:55:37,160 INFO     ___FILE_ONLY___ │ 
2021-04-25 19:55:37,160 INFO     ___FILE_ONLY___  < 1 MiB
2021-04-25 19:55:37,160 INFO     ___FILE_ONLY___  
2021-04-25 19:55:37,160 INFO     ___FILE_ONLY___ │
2021-04-25 19:55:37,160 INFO     ___FILE_ONLY___ 

2021-04-25 19:55:37,160 INFO     ___FILE_ONLY___ │ 
2021-04-25 19:55:37,160 INFO     ___FILE_ONLY___ Cloud Storage Command Line Tool                    
2021-04-25 19:55:37,160 INFO     ___FILE_ONLY___  
2021-04-25 19:55:37,160 INFO     ___FILE_ONLY___ │ 
2021-04-25 19:55:37,160 INFO     ___FILE_ONLY___       4.61
2021-04-25 19:55:37,160 INFO     ___FILE_ONLY___  
2021-04-25 19:55:37,160 INFO     ___FILE_ONLY___ │ 
2021-04-25 19:55:37,160 INFO     ___FILE_ONLY___  3.9 MiB
2021-04-25 19:55:37,160 INFO     ___FILE_ONLY___  
2021-04-25 19:55:37,160 INFO     ___FILE_ONLY___ │
2021-04-25 19:55:37,160 INFO     ___FILE_ONLY___ 

2021-04-25 19:55:37,160 INFO     ___FILE_ONLY___ │ 
2021-04-25 19:55:37,160 INFO     ___FILE_ONLY___ Cloud Storage Command Line Tool (Platform Specific)
2021-04-25 19:55:37,160 INFO     ___FILE_ONLY___  
2021-04-25 19:55:37,160 INFO     ___FILE_ONLY___ │ 
2021-04-25 19:55:37,160 INFO     ___FILE_ONLY___       4.59
2021-04-25 19:55:37,160 INFO     ___FILE_ONLY___  
2021-04-25 19:55:37,160 INFO     ___FILE_ONLY___ │ 
2021-04-25 19:55:37,160 INFO     ___FILE_ONLY___  < 1 MiB
2021-04-25 19:55:37,160 INFO     ___FILE_ONLY___  
2021-04-25 19:55:37,160 INFO     ___FILE_ONLY___ │
2021-04-25 19:55:37,160 INFO     ___FILE_ONLY___ 

2021-04-25 19:55:37,160 INFO     ___FILE_ONLY___ │ 
2021-04-25 19:55:37,160 INFO     ___FILE_ONLY___ anthoscli                                          
2021-04-25 19:55:37,160 INFO     ___FILE_ONLY___  
2021-04-25 19:55:37,161 INFO     ___FILE_ONLY___ │ 
2021-04-25 19:55:37,161 INFO     ___FILE_ONLY___     0.2.16
2021-04-25 19:55:37,161 INFO     ___FILE_ONLY___  
2021-04-25 19:55:37,161 INFO     ___FILE_ONLY___ │ 
2021-04-25 19:55:37,161 INFO     ___FILE_ONLY___ 47.4 MiB
2021-04-25 19:55:37,161 INFO     ___FILE_ONLY___  
2021-04-25 19:55:37,161 INFO     ___FILE_ONLY___ │
2021-04-25 19:55:37,161 INFO     ___FILE_ONLY___ 

2021-04-25 19:55:37,161 INFO     ___FILE_ONLY___ │ 
2021-04-25 19:55:37,161 INFO     ___FILE_ONLY___ gcloud cli dependencies                            
2021-04-25 19:55:37,161 INFO     ___FILE_ONLY___  
2021-04-25 19:55:37,161 INFO     ___FILE_ONLY___ │ 
2021-04-25 19:55:37,161 INFO     ___FILE_ONLY___ 2021.04.16
2021-04-25 19:55:37,161 INFO     ___FILE_ONLY___  
2021-04-25 19:55:37,161 INFO     ___FILE_ONLY___ │ 
2021-04-25 19:55:37,161 INFO     ___FILE_ONLY___  < 1 MiB
2021-04-25 19:55:37,161 INFO     ___FILE_ONLY___  
2021-04-25 19:55:37,161 INFO     ___FILE_ONLY___ │
2021-04-25 19:55:37,161 INFO     ___FILE_ONLY___ 

2021-04-25 19:55:37,161 INFO     ___FILE_ONLY___ └─────────────────────────────────────────────────────┴────────────┴──────────┘
2021-04-25 19:55:37,161 INFO     ___FILE_ONLY___ 

2021-04-25 19:55:37,161 INFO     ___FILE_ONLY___ 

2021-04-25 19:55:37,250 INFO     ___FILE_ONLY___ For the latest full release notes, please visit:
  https://cloud.google.com/sdk/release_notes


2021-04-25 19:55:37,251 INFO     ___FILE_ONLY___ ╔════════════════════════════════════════════════════════════╗

2021-04-25 19:55:37,251 INFO     ___FILE_ONLY___ ╠═ Creating update staging area                             ═╣

2021-04-25 19:55:37,251 INFO     ___FILE_ONLY___ ╚
2021-04-25 19:55:37,251 INFO     ___FILE_ONLY___ ══════
2021-04-25 19:55:37,251 INFO     ___FILE_ONLY___ ══════
2021-04-25 19:55:37,251 INFO     ___FILE_ONLY___ ══════
2021-04-25 19:55:37,343 INFO     ___FILE_ONLY___ ═
2021-04-25 19:55:37,474 INFO     ___FILE_ONLY___ ═
2021-04-25 19:55:37,530 INFO     ___FILE_ONLY___ ═
2021-04-25 19:55:37,619 INFO     ___FILE_ONLY___ ═
2021-04-25 19:55:37,657 INFO     ___FILE_ONLY___ ═
2021-04-25 19:55:37,712 INFO     ___FILE_ONLY___ ═
2021-04-25 19:55:37,764 INFO     ___FILE_ONLY___ ═
2021-04-25 19:55:37,844 INFO     ___FILE_ONLY___ ═
2021-04-25 19:55:37,912 INFO     ___FILE_ONLY___ ═
2021-04-25 19:55:37,974 INFO     ___FILE_ONLY___ ═
2021-04-25 19:55:38,044 INFO     ___FILE_ONLY___ ═
2021-04-25 19:55:38,154 INFO     ___FILE_ONLY___ ═
2021-04-25 19:55:38,226 INFO     ___FILE_ONLY___ ═
2021-04-25 19:55:38,286 INFO     ___FILE_ONLY___ ═
2021-04-25 19:55:38,354 INFO     ___FILE_ONLY___ ═
2021-04-25 19:55:38,407 INFO     ___FILE_ONLY___ ═
2021-04-25 19:55:38,463 INFO     ___FILE_ONLY___ ═
2021-04-25 19:55:38,521 INFO     ___FILE_ONLY___ ═
2021-04-25 19:55:38,580 INFO     ___FILE_ONLY___ ═
2021-04-25 19:55:38,656 INFO     ___FILE_ONLY___ ═
2021-04-25 19:55:38,711 INFO     ___FILE_ONLY___ ═
2021-04-25 19:55:38,779 INFO     ___FILE_ONLY___ ═
2021-04-25 19:55:38,836 INFO     ___FILE_ONLY___ ═
2021-04-25 19:55:38,912 INFO     ___FILE_ONLY___ ═
2021-04-25 19:55:38,995 INFO     ___FILE_ONLY___ ═
2021-04-25 19:55:39,050 INFO     ___FILE_ONLY___ ═
2021-04-25 19:55:39,110 INFO     ___FILE_ONLY___ ═
2021-04-25 19:55:39,182 INFO     ___FILE_ONLY___ ═
2021-04-25 19:55:39,254 INFO     ___FILE_ONLY___ ═
2021-04-25 19:55:39,346 INFO     ___FILE_ONLY___ ═
2021-04-25 19:55:39,457 INFO     ___FILE_ONLY___ ═
2021-04-25 19:55:39,528 INFO     ___FILE_ONLY___ ═
2021-04-25 19:55:39,714 INFO     ___FILE_ONLY___ ═
2021-04-25 19:55:39,745 INFO     ___FILE_ONLY___ ═
2021-04-25 19:55:39,778 INFO     ___FILE_ONLY___ ═
2021-04-25 19:55:39,817 INFO     ___FILE_ONLY___ ═
2021-04-25 19:55:39,850 INFO     ___FILE_ONLY___ ═
2021-04-25 19:55:39,882 INFO     ___FILE_ONLY___ ═
2021-04-25 19:55:39,911 INFO     ___FILE_ONLY___ ═
2021-04-25 19:55:39,946 INFO     ___FILE_ONLY___ ═
2021-04-25 19:55:39,979 INFO     ___FILE_ONLY___ ═
2021-04-25 19:55:40,077 INFO     ___FILE_ONLY___ ═
2021-04-25 19:55:40,077 INFO     ___FILE_ONLY___ ╝

2021-04-25 19:55:40,369 INFO     ___FILE_ONLY___ ╔════════════════════════════════════════════════════════════╗

2021-04-25 19:55:40,369 INFO     ___FILE_ONLY___ ╠═ Installing: BigQuery Command Line Tool                   ═╣

2021-04-25 19:55:40,369 INFO     ___FILE_ONLY___ ╚
2021-04-25 19:55:40,426 INFO     ___FILE_ONLY___ ═
2021-04-25 19:55:40,432 INFO     ___FILE_ONLY___ ═
2021-04-25 19:55:40,436 INFO     ___FILE_ONLY___ ═
2021-04-25 19:55:40,438 INFO     ___FILE_ONLY___ ═
2021-04-25 19:55:40,441 INFO     ___FILE_ONLY___ ═
2021-04-25 19:55:40,443 INFO     ___FILE_ONLY___ ═
2021-04-25 19:55:40,444 INFO     ___FILE_ONLY___ ═
2021-04-25 19:55:40,445 INFO     ___FILE_ONLY___ ═
2021-04-25 19:55:40,447 INFO     ___FILE_ONLY___ ═
2021-04-25 19:55:40,448 INFO     ___FILE_ONLY___ ═
2021-04-25 19:55:40,448 INFO     ___FILE_ONLY___ ═
2021-04-25 19:55:40,450 INFO     ___FILE_ONLY___ ═
2021-04-25 19:55:40,451 INFO     ___FILE_ONLY___ ═
2021-04-25 19:55:40,451 INFO     ___FILE_ONLY___ ═
2021-04-25 19:55:40,452 INFO     ___FILE_ONLY___ ═
2021-04-25 19:55:40,453 INFO     ___FILE_ONLY___ ═
2021-04-25 19:55:40,454 INFO     ___FILE_ONLY___ ═
2021-04-25 19:55:40,454 INFO     ___FILE_ONLY___ ═
2021-04-25 19:55:40,456 INFO     ___FILE_ONLY___ ═
2021-04-25 19:55:40,457 INFO     ___FILE_ONLY___ ═
2021-04-25 19:55:40,458 INFO     ___FILE_ONLY___ ═
2021-04-25 19:55:40,458 INFO     ___FILE_ONLY___ ═
2021-04-25 19:55:40,459 INFO     ___FILE_ONLY___ ═
2021-04-25 19:55:40,459 INFO     ___FILE_ONLY___ ═
2021-04-25 19:55:40,459 INFO     ___FILE_ONLY___ ═
2021-04-25 19:55:40,460 INFO     ___FILE_ONLY___ ═
2021-04-25 19:55:40,460 INFO     ___FILE_ONLY___ ═
2021-04-25 19:55:40,460 INFO     ___FILE_ONLY___ ═
2021-04-25 19:55:40,461 INFO     ___FILE_ONLY___ ═
2021-04-25 19:55:40,462 INFO     ___FILE_ONLY___ ═
2021-04-25 19:55:40,487 INFO     ___FILE_ONLY___ ═
2021-04-25 19:55:40,491 INFO     ___FILE_ONLY___ ═
2021-04-25 19:55:40,493 INFO     ___FILE_ONLY___ ═
2021-04-25 19:55:40,495 INFO     ___FILE_ONLY___ ═
2021-04-25 19:55:40,497 INFO     ___FILE_ONLY___ ═
2021-04-25 19:55:40,499 INFO     ___FILE_ONLY___ ═
2021-04-25 19:55:40,501 INFO     ___FILE_ONLY___ ═
2021-04-25 19:55:40,502 INFO     ___FILE_ONLY___ ═
2021-04-25 19:55:40,504 INFO     ___FILE_ONLY___ ═
2021-04-25 19:55:40,505 INFO     ___FILE_ONLY___ ═
2021-04-25 19:55:40,507 INFO     ___FILE_ONLY___ ═
2021-04-25 19:55:40,510 INFO     ___FILE_ONLY___ ═
2021-04-25 19:55:40,511 INFO     ___FILE_ONLY___ ═
2021-04-25 19:55:40,513 INFO     ___FILE_ONLY___ ═
2021-04-25 19:55:40,514 INFO     ___FILE_ONLY___ ═
2021-04-25 19:55:40,516 INFO     ___FILE_ONLY___ ═
2021-04-25 19:55:40,517 INFO     ___FILE_ONLY___ ═
2021-04-25 19:55:40,518 INFO     ___FILE_ONLY___ ═
2021-04-25 19:55:40,519 INFO     ___FILE_ONLY___ ═
2021-04-25 19:55:40,521 INFO     ___FILE_ONLY___ ═
2021-04-25 19:55:40,522 INFO     ___FILE_ONLY___ ═
2021-04-25 19:55:40,524 INFO     ___FILE_ONLY___ ═
2021-04-25 19:55:40,525 INFO     ___FILE_ONLY___ ═
2021-04-25 19:55:40,526 INFO     ___FILE_ONLY___ ═
2021-04-25 19:55:40,528 INFO     ___FILE_ONLY___ ═
2021-04-25 19:55:40,529 INFO     ___FILE_ONLY___ ═
2021-04-25 19:55:40,531 INFO     ___FILE_ONLY___ ═
2021-04-25 19:55:40,532 INFO     ___FILE_ONLY___ ═
2021-04-25 19:55:40,534 INFO     ___FILE_ONLY___ ═
2021-04-25 19:55:40,535 INFO     ___FILE_ONLY___ ═
2021-04-25 19:55:40,535 INFO     ___FILE_ONLY___ ╝

2021-04-25 19:55:40,538 INFO     ___FILE_ONLY___ ╔════════════════════════════════════════════════════════════╗

2021-04-25 19:55:40,538 INFO     ___FILE_ONLY___ ╠═ Installing: BigQuery Command Line Tool (Platform Spec... ═╣

2021-04-25 19:55:40,538 INFO     ___FILE_ONLY___ ╚
2021-04-25 19:55:40,586 INFO     ___FILE_ONLY___ ══════════════════════════════
2021-04-25 19:55:40,586 INFO     ___FILE_ONLY___ ══════════════════════════════
2021-04-25 19:55:40,586 INFO     ___FILE_ONLY___ ╝

2021-04-25 19:55:40,588 INFO     ___FILE_ONLY___ ╔════════════════════════════════════════════════════════════╗

2021-04-25 19:55:40,588 INFO     ___FILE_ONLY___ ╠═ Installing: Cloud SDK Core Libraries (Platform Specific) ═╣

2021-04-25 19:55:40,588 INFO     ___FILE_ONLY___ ╚
2021-04-25 19:55:40,634 INFO     ___FILE_ONLY___ ══════════════════════════════
2021-04-25 19:55:40,634 INFO     ___FILE_ONLY___ ═══════════════
2021-04-25 19:55:40,634 INFO     ___FILE_ONLY___ ═══════════════
2021-04-25 19:55:40,634 INFO     ___FILE_ONLY___ ╝

2021-04-25 19:55:40,636 INFO     ___FILE_ONLY___ ╔════════════════════════════════════════════════════════════╗

2021-04-25 19:55:40,636 INFO     ___FILE_ONLY___ ╠═ Installing: Cloud Storage Command Line Tool              ═╣

2021-04-25 19:55:40,636 INFO     ___FILE_ONLY___ ╚
2021-04-25 19:55:40,705 INFO     ___FILE_ONLY___ ═
2021-04-25 19:55:40,711 INFO     ___FILE_ONLY___ ═
2021-04-25 19:55:40,715 INFO     ___FILE_ONLY___ ═
2021-04-25 19:55:40,718 INFO     ___FILE_ONLY___ ═
2021-04-25 19:55:40,720 INFO     ___FILE_ONLY___ ═
2021-04-25 19:55:40,722 INFO     ___FILE_ONLY___ ═
2021-04-25 19:55:40,724 INFO     ___FILE_ONLY___ ═
2021-04-25 19:55:40,726 INFO     ___FILE_ONLY___ ═
2021-04-25 19:55:40,727 INFO     ___FILE_ONLY___ ═
2021-04-25 19:55:40,729 INFO     ___FILE_ONLY___ ═
2021-04-25 19:55:40,749 INFO     ___FILE_ONLY___ ═
2021-04-25 19:55:40,758 INFO     ___FILE_ONLY___ ═
2021-04-25 19:55:40,759 INFO     ___FILE_ONLY___ ═
2021-04-25 19:55:40,759 INFO     ___FILE_ONLY___ ═
2021-04-25 19:55:40,759 INFO     ___FILE_ONLY___ ═
2021-04-25 19:55:40,759 INFO     ___FILE_ONLY___ ═
2021-04-25 19:55:40,760 INFO     ___FILE_ONLY___ ═
2021-04-25 19:55:40,760 INFO     ___FILE_ONLY___ ═
2021-04-25 19:55:40,760 INFO     ___FILE_ONLY___ ═
2021-04-25 19:55:40,760 INFO     ___FILE_ONLY___ ═
2021-04-25 19:55:40,760 INFO     ___FILE_ONLY___ ═
2021-04-25 19:55:40,761 INFO     ___FILE_ONLY___ ═
2021-04-25 19:55:40,761 INFO     ___FILE_ONLY___ ═
2021-04-25 19:55:40,761 INFO     ___FILE_ONLY___ ═
2021-04-25 19:55:40,761 INFO     ___FILE_ONLY___ ═
2021-04-25 19:55:40,762 INFO     ___FILE_ONLY___ ═
2021-04-25 19:55:40,762 INFO     ___FILE_ONLY___ ═
2021-04-25 19:55:40,762 INFO     ___FILE_ONLY___ ═
2021-04-25 19:55:40,762 INFO     ___FILE_ONLY___ ═
2021-04-25 19:55:40,763 INFO     ___FILE_ONLY___ ═
2021-04-25 19:55:40,867 INFO     ___FILE_ONLY___ ═
2021-04-25 19:55:40,877 INFO     ___FILE_ONLY___ ═
2021-04-25 19:55:40,888 INFO     ___FILE_ONLY___ ═
2021-04-25 19:55:40,898 INFO     ___FILE_ONLY___ ═
2021-04-25 19:55:40,910 INFO     ___FILE_ONLY___ ═
2021-04-25 19:55:40,919 INFO     ___FILE_ONLY___ ═
2021-04-25 19:55:40,930 INFO     ___FILE_ONLY___ ═
2021-04-25 19:55:40,937 INFO     ___FILE_ONLY___ ═
2021-04-25 19:55:40,945 INFO     ___FILE_ONLY___ ═
2021-04-25 19:55:40,953 INFO     ___FILE_ONLY___ ═
2021-04-25 19:55:40,960 INFO     ___FILE_ONLY___ ═
2021-04-25 19:55:40,968 INFO     ___FILE_ONLY___ ═
2021-04-25 19:55:40,977 INFO     ___FILE_ONLY___ ═
2021-04-25 19:55:40,986 INFO     ___FILE_ONLY___ ═
2021-04-25 19:55:40,993 INFO     ___FILE_ONLY___ ═
2021-04-25 19:55:41,009 INFO     ___FILE_ONLY___ ═
2021-04-25 19:55:41,023 INFO     ___FILE_ONLY___ ═
2021-04-25 19:55:41,044 INFO     ___FILE_ONLY___ ═
2021-04-25 19:55:41,054 INFO     ___FILE_ONLY___ ═
2021-04-25 19:55:41,063 INFO     ___FILE_ONLY___ ═
2021-04-25 19:55:41,070 INFO     ___FILE_ONLY___ ═
2021-04-25 19:55:41,079 INFO     ___FILE_ONLY___ ═
2021-04-25 19:55:41,087 INFO     ___FILE_ONLY___ ═
2021-04-25 19:55:41,096 INFO     ___FILE_ONLY___ ═
2021-04-25 19:55:41,106 INFO     ___FILE_ONLY___ ═
2021-04-25 19:55:41,115 INFO     ___FILE_ONLY___ ═
2021-04-25 19:55:41,127 INFO     ___FILE_ONLY___ ═
2021-04-25 19:55:41,136 INFO     ___FILE_ONLY___ ═
2021-04-25 19:55:41,144 INFO     ___FILE_ONLY___ ═
2021-04-25 19:55:41,153 INFO     ___FILE_ONLY___ ═
2021-04-25 19:55:41,153 INFO     ___FILE_ONLY___ ╝

2021-04-25 19:55:41,167 INFO     ___FILE_ONLY___ ╔════════════════════════════════════════════════════════════╗

2021-04-25 19:55:41,167 INFO     ___FILE_ONLY___ ╠═ Installing: Cloud Storage Command Line Tool (Platform... ═╣

2021-04-25 19:55:41,167 INFO     ___FILE_ONLY___ ╚
2021-04-25 19:55:41,217 INFO     ___FILE_ONLY___ ══════════════════════════════
2021-04-25 19:55:41,217 INFO     ___FILE_ONLY___ ══════════════════════════════
2021-04-25 19:55:41,217 INFO     ___FILE_ONLY___ ╝

2021-04-25 19:55:41,219 INFO     ___FILE_ONLY___ ╔════════════════════════════════════════════════════════════╗

2021-04-25 19:55:41,219 INFO     ___FILE_ONLY___ ╠═ Installing: Default set of gcloud commands               ═╣

2021-04-25 19:55:41,219 INFO     ___FILE_ONLY___ ╚
2021-04-25 19:55:41,220 INFO     ___FILE_ONLY___ ════════════════════════════════════════════════════════════
2021-04-25 19:55:41,220 INFO     ___FILE_ONLY___ ╝

2021-04-25 19:55:41,220 INFO     ___FILE_ONLY___ ╔════════════════════════════════════════════════════════════╗

2021-04-25 19:55:41,220 INFO     ___FILE_ONLY___ ╠═ Installing: anthoscli                                    ═╣

2021-04-25 19:55:41,220 INFO     ___FILE_ONLY___ ╚
2021-04-25 19:55:41,330 INFO     ___FILE_ONLY___ ═
2021-04-25 19:55:41,361 INFO     ___FILE_ONLY___ ═
2021-04-25 19:55:41,368 INFO     ___FILE_ONLY___ ═
2021-04-25 19:55:41,391 INFO     ___FILE_ONLY___ ═
2021-04-25 19:55:41,393 INFO     ___FILE_ONLY___ ═
2021-04-25 19:55:41,410 INFO     ___FILE_ONLY___ ═
2021-04-25 19:55:41,417 INFO     ___FILE_ONLY___ ═
2021-04-25 19:55:41,432 INFO     ___FILE_ONLY___ ═
2021-04-25 19:55:41,447 INFO     ___FILE_ONLY___ ═
2021-04-25 19:55:41,470 INFO     ___FILE_ONLY___ ═
2021-04-25 19:55:41,478 INFO     ___FILE_ONLY___ ═
2021-04-25 19:55:41,493 INFO     ___FILE_ONLY___ ═
2021-04-25 19:55:41,523 INFO     ___FILE_ONLY___ ═
2021-04-25 19:55:41,527 INFO     ___FILE_ONLY___ ═
2021-04-25 19:55:41,539 INFO     ___FILE_ONLY___ ═
2021-04-25 19:55:41,553 INFO     ___FILE_ONLY___ ═
2021-04-25 19:55:41,576 INFO     ___FILE_ONLY___ ═
2021-04-25 19:55:41,584 INFO     ___FILE_ONLY___ ═
2021-04-25 19:55:41,614 INFO     ___FILE_ONLY___ ═
2021-04-25 19:55:41,626 INFO     ___FILE_ONLY___ ═
2021-04-25 19:55:41,630 INFO     ___FILE_ONLY___ ═
2021-04-25 19:55:41,645 INFO     ___FILE_ONLY___ ═
2021-04-25 19:55:41,675 INFO     ___FILE_ONLY___ ═
2021-04-25 19:55:41,678 INFO     ___FILE_ONLY___ ═
2021-04-25 19:55:41,690 INFO     ___FILE_ONLY___ ═
2021-04-25 19:55:41,718 INFO     ___FILE_ONLY___ ═
2021-04-25 19:55:41,728 INFO     ___FILE_ONLY___ ═
2021-04-25 19:55:41,735 INFO     ___FILE_ONLY___ ═
2021-04-25 19:55:41,751 INFO     ___FILE_ONLY___ ═
2021-04-25 19:55:41,770 INFO     ___FILE_ONLY___ ═
2021-04-25 19:55:42,540 INFO     ___FILE_ONLY___ ══════════
2021-04-25 19:55:42,542 INFO     ___FILE_ONLY___ ═════════
2021-04-25 19:55:42,552 INFO     ___FILE_ONLY___ ═══════════
2021-04-25 19:55:42,552 INFO     ___FILE_ONLY___ ╝

2021-04-25 19:55:42,555 INFO     ___FILE_ONLY___ ╔════════════════════════════════════════════════════════════╗

2021-04-25 19:55:42,555 INFO     ___FILE_ONLY___ ╠═ Installing: anthoscli                                    ═╣

2021-04-25 19:55:42,555 INFO     ___FILE_ONLY___ ╚
2021-04-25 19:55:42,556 INFO     ___FILE_ONLY___ ════════════════════════════════════════════════════════════
2021-04-25 19:55:42,556 INFO     ___FILE_ONLY___ ╝

2021-04-25 19:55:42,556 INFO     ___FILE_ONLY___ ╔════════════════════════════════════════════════════════════╗

2021-04-25 19:55:42,557 INFO     ___FILE_ONLY___ ╠═ Installing: gcloud cli dependencies                      ═╣

2021-04-25 19:55:42,557 INFO     ___FILE_ONLY___ ╚
2021-04-25 19:55:42,606 INFO     ___FILE_ONLY___ ══════════════════════════════
2021-04-25 19:55:42,606 INFO     ___FILE_ONLY___ ══════════════════════════════
2021-04-25 19:55:42,606 INFO     ___FILE_ONLY___ ╝

2021-04-25 19:55:42,608 INFO     ___FILE_ONLY___ ╔════════════════════════════════════════════════════════════╗

2021-04-25 19:55:42,608 INFO     ___FILE_ONLY___ ╠═ Creating backup and activating new installation          ═╣

2021-04-25 19:55:42,608 INFO     ___FILE_ONLY___ ╚
2021-04-25 19:55:42,608 DEBUG    root            Attempting to move directory [/opt/homebrew/Caskroom/google-cloud-sdk/latest/google-cloud-sdk] to [/opt/homebrew/Caskroom/google-cloud-sdk/latest/google-cloud-sdk.staging/.install/.backup]
2021-04-25 19:55:42,608 INFO     ___FILE_ONLY___ ══════════════════════════════
2021-04-25 19:55:42,608 DEBUG    root            Attempting to move directory [/opt/homebrew/Caskroom/google-cloud-sdk/latest/google-cloud-sdk.staging] to [/opt/homebrew/Caskroom/google-cloud-sdk/latest/google-cloud-sdk]
2021-04-25 19:55:42,609 INFO     ___FILE_ONLY___ ══════════════════════════════
2021-04-25 19:55:42,609 INFO     ___FILE_ONLY___ ╝

2021-04-25 19:55:42,611 DEBUG    root            Updating notification cache...
2021-04-25 19:55:42,611 INFO     ___FILE_ONLY___ 

2021-04-25 19:55:42,611 INFO     ___FILE_ONLY___ Performing post processing steps...
2021-04-25 19:55:42,612 DEBUG    root            Executing command: ['/opt/homebrew/opt/python@3.9/bin/python3', '-S', '/opt/homebrew/Caskroom/google-cloud-sdk/latest/google-cloud-sdk/lib/gcloud.py', 'components', 'post-process']
2021-04-25 19:55:49,808 DEBUG    ___FILE_ONLY___ 
2021-04-25 19:55:49,809 DEBUG    ___FILE_ONLY___ 
2021-04-25 19:55:50,000 INFO     ___FILE_ONLY___ 
Update done!


2021-04-25 19:55:50,005 INFO     root            Display format: "none"
