2021-04-25 19:57:55,229 DEBUG    root            Loaded Command Group: ['gcloud', 'auth']
2021-04-25 19:57:55,249 DEBUG    root            Loaded Command Group: ['gcloud', 'auth', 'login']
2021-04-25 19:57:55,250 DEBUG    root            Running [gcloud.auth.login] with arguments: []
2021-04-25 19:57:55,291 DEBUG    requests_oauthlib.oauth2_session Generated new state 3NNbrnu72MZwu74lvF7OHFjqLwOL3Q.
2021-04-25 19:57:55,425 INFO     ___FILE_ONLY___ Your browser has been opened to visit:

    https://accounts.google.com/o/oauth2/auth?response_type=code&client_id=32555940559.apps.googleusercontent.com&redirect_uri=http%3A%2F%2Flocalhost%3A8085%2F&scope=openid+https%3A%2F%2Fwww.googleapis.com%2Fauth%2Fuserinfo.email+https%3A%2F%2Fwww.googleapis.com%2Fauth%2Fcloud-platform+https%3A%2F%2Fwww.googleapis.com%2Fauth%2Fappengine.admin+https%3A%2F%2Fwww.googleapis.com%2Fauth%2Fcompute+https%3A%2F%2Fwww.googleapis.com%2Fauth%2Faccounts.reauth&state=3NNbrnu72MZwu74lvF7OHFjqLwOL3Q&access_type=offline&code_challenge=vjMafbp06mQ6YMImYccnKI9G_pQWoIXsdYwW4sjKUOg&code_challenge_method=S256


2021-04-25 19:58:01,538 INFO     google_auth_oauthlib.flow "GET /?state=3NNbrnu72MZwu74lvF7OHFjqLwOL3Q&code=4/0AY0e-g7pOc5dc6H76ehYSDkcD_T-bSs3GR1dFZpZj89REjh2AwWBtgd_2-CN5Kc0_KvCfg&scope=email%20openid%20https://www.googleapis.com/auth/userinfo.email%20https://www.googleapis.com/auth/cloud-platform%20https://www.googleapis.com/auth/appengine.admin%20https://www.googleapis.com/auth/compute%20https://www.googleapis.com/auth/accounts.reauth&authuser=5&hd=nicnac.ltd&prompt=consent HTTP/1.1" 200 959
2021-04-25 19:58:01,540 DEBUG    requests_oauthlib.oauth2_session Requesting url https://oauth2.googleapis.com/token using method POST.
2021-04-25 19:58:01,540 DEBUG    requests_oauthlib.oauth2_session Supplying headers {b'Accept': b'application/json', b'Content-Type': b'application/x-www-form-urlencoded;charset=UTF-8', b'user-agent': b'google-cloud-sdk gcloud/337.0.0 command/gcloud.auth.login invocation-id/e31fdf6981d9430496e54bb0c5adeda8 environment/None environment-version/None interactive/True from-script/False python/3.9.1 term/xterm-256color (Macintosh; Intel Mac OS X 20.5.0)'} and data {'grant_type': 'authorization_code', 'client_id': '32555940559.apps.googleusercontent.com', 'client_secret': 'ZmssLNjJy2998hD4CTg2ejr2', 'code': '4/0AY0e-g7pOc5dc6H76ehYSDkcD_T-bSs3GR1dFZpZj89REjh2AwWBtgd_2-CN5Kc0_KvCfg', 'redirect_uri': 'http://localhost:8085/', 'code_verifier': 'CqNL17reW0x8zQ7dITmL7_1hWtJnvKkQeUsnU4s.A4sk_.tE1i~YqhYMLx3c~eJRJFd.sgxulnIK8WuOmNn7aJJ~hH68GMAbKL0IUK-wZ5peEprCyI68pNWhWFePbefj'}
2021-04-25 19:58:01,540 DEBUG    requests_oauthlib.oauth2_session Passing through key word arguments {'json': None, 'timeout': None, 'auth': None, 'verify': True, 'proxies': None}.
2021-04-25 19:58:01,571 DEBUG    urllib3.connectionpool Starting new HTTPS connection (1): oauth2.googleapis.com:443
2021-04-25 19:58:01,775 DEBUG    urllib3.connectionpool https://oauth2.googleapis.com:443 "POST /token HTTP/1.1" 200 None
2021-04-25 19:58:01,776 DEBUG    requests_oauthlib.oauth2_session Prepared fetch token request body grant_type=authorization_code&client_id=32555940559.apps.googleusercontent.com&client_secret=ZmssLNjJy2998hD4CTg2ejr2&code=4%2F0AY0e-g7pOc5dc6H76ehYSDkcD_T-bSs3GR1dFZpZj89REjh2AwWBtgd_2-CN5Kc0_KvCfg&redirect_uri=http%3A%2F%2Flocalhost%3A8085%2F&code_verifier=CqNL17reW0x8zQ7dITmL7_1hWtJnvKkQeUsnU4s.A4sk_.tE1i~YqhYMLx3c~eJRJFd.sgxulnIK8WuOmNn7aJJ~hH68GMAbKL0IUK-wZ5peEprCyI68pNWhWFePbefj
2021-04-25 19:58:01,776 DEBUG    requests_oauthlib.oauth2_session Request to fetch token completed with status 200.
2021-04-25 19:58:01,777 DEBUG    requests_oauthlib.oauth2_session Request headers were {'user-agent': b'google-cloud-sdk gcloud/337.0.0 command/gcloud.auth.login invocation-id/e31fdf6981d9430496e54bb0c5adeda8 environment/None environment-version/None interactive/True from-script/False python/3.9.1 term/xterm-256color (Macintosh; Intel Mac OS X 20.5.0)', 'Accept-Encoding': 'gzip, deflate', 'Accept': b'application/json', 'Connection': 'keep-alive', 'Content-Type': b'application/x-www-form-urlencoded;charset=UTF-8', 'Content-Length': '387'}
2021-04-25 19:58:01,777 DEBUG    requests_oauthlib.oauth2_session Request body was grant_type=authorization_code&client_id=32555940559.apps.googleusercontent.com&client_secret=ZmssLNjJy2998hD4CTg2ejr2&code=4%2F0AY0e-g7pOc5dc6H76ehYSDkcD_T-bSs3GR1dFZpZj89REjh2AwWBtgd_2-CN5Kc0_KvCfg&redirect_uri=http%3A%2F%2Flocalhost%3A8085%2F&code_verifier=CqNL17reW0x8zQ7dITmL7_1hWtJnvKkQeUsnU4s.A4sk_.tE1i~YqhYMLx3c~eJRJFd.sgxulnIK8WuOmNn7aJJ~hH68GMAbKL0IUK-wZ5peEprCyI68pNWhWFePbefj
2021-04-25 19:58:01,777 DEBUG    requests_oauthlib.oauth2_session Response headers were {'Pragma': 'no-cache', 'Expires': 'Mon, 01 Jan 1990 00:00:00 GMT', 'Cache-Control': 'no-cache, no-store, max-age=0, must-revalidate', 'Date': 'Mon, 26 Apr 2021 02:58:01 GMT', 'Content-Type': 'application/json; charset=utf-8', 'Vary': 'Origin, X-Origin, Referer', 'Content-Encoding': 'gzip', 'Server': 'scaffolding on HTTPServer2', 'X-XSS-Protection': '0', 'X-Frame-Options': 'SAMEORIGIN', 'X-Content-Type-Options': 'nosniff', 'Alt-Svc': 'h3-29=":443"; ma=2592000,h3-T051=":443"; ma=2592000,h3-Q050=":443"; ma=2592000,h3-Q046=":443"; ma=2592000,h3-Q043=":443"; ma=2592000,quic=":443"; ma=2592000; v="46,43"', 'Transfer-Encoding': 'chunked'} and content {
  "access_token": "ya29.a0AfH6SMDuJ4dmlaP-N8y_rRCNbBs-KCAJIh0Xc1bkddsJV_XoqS6FOXiPbmjw_GahzQjD5jRB7dCwTcNd_NvMWrzG0IpCzLI16coC5jrQc-kjB6gTOJ7QZk-45BVYAtFcvGlGKKplMRUoKI2wXeV6wCCIbi7PtpWcJmfX",
  "expires_in": 3599,
  "refresh_token": "1//06h7h_5agT7fICgYIARAAGAYSNwF-L9IrRMnrxW7aR4k7x1sIbZ0ozyxKT9Cv5EaP6HY5ZqnLsoDqQH3GeOfUwq6CzvejIaWXSa4",
  "scope": "https://www.googleapis.com/auth/appengine.admin openid https://www.googleapis.com/auth/compute https://www.googleapis.com/auth/accounts.reauth https://www.googleapis.com/auth/cloud-platform https://www.googleapis.com/auth/userinfo.email",
  "token_type": "Bearer",
  "id_token": "eyJhbGciOiJSUzI1NiIsImtpZCI6ImRlOTU1NmFkNDY4MDMxMmMxMTdhZmFlZjI5MjBmNWY5OWE0Yzc5ZmQiLCJ0eXAiOiJKV1QifQ.eyJpc3MiOiJodHRwczovL2FjY291bnRzLmdvb2dsZS5jb20iLCJhenAiOiIzMjU1NTk0MDU1OS5hcHBzLmdvb2dsZXVzZXJjb250ZW50LmNvbSIsImF1ZCI6IjMyNTU1OTQwNTU5LmFwcHMuZ29vZ2xldXNlcmNvbnRlbnQuY29tIiwic3ViIjoiMTE3OTY1OTMzNDA1NzczODU4NTkyIiwiaGQiOiJuaWNuYWMubHRkIiwiZW1haWwiOiJsb2NAbmljbmFjLmx0ZCIsImVtYWlsX3ZlcmlmaWVkIjp0cnVlLCJhdF9oYXNoIjoiVFhtYkx2akFjZ24tU19MYUFXTkRWdyIsImlhdCI6MTYxOTQwNTg4MSwiZXhwIjoxNjE5NDA5NDgxfQ.rhMS5F4FMeHWEDBetEESiZXQfX3XKcZ2aj1UHkFNcWC-mJyvkjodPTwcOGPuEvSpkgHKRAP1JDh829zjt-vSAcqi212zyiu9_iAKqURoMi1YqvhHrrDkTcyUlkZ-D2baGdpg9J6frQ_JQUK-dqMMqGqNPRrMO4eWixGk39-j4jjsS-I5wdYkJus35KvrXCuLFJJCj_Aw9iMYhvaxgmDqPc4z1LPsm8RvOn6KM5lsQp5S9wu_5Tc2gyj1LZJlzK-ixdvfIIjKF4I9XX1xGfsrTXMYivhFxU2w7qN2XOBiJoA6ThXfp1-czapBoaDa5dsxHwO4vpFo22HNS5kdGfs66Q"
}.
2021-04-25 19:58:01,777 DEBUG    requests_oauthlib.oauth2_session Invoking 0 token response hooks.
2021-04-25 19:58:01,777 DEBUG    requests_oauthlib.oauth2_session Obtained token {'access_token': 'ya29.a0AfH6SMDuJ4dmlaP-N8y_rRCNbBs-KCAJIh0Xc1bkddsJV_XoqS6FOXiPbmjw_GahzQjD5jRB7dCwTcNd_NvMWrzG0IpCzLI16coC5jrQc-kjB6gTOJ7QZk-45BVYAtFcvGlGKKplMRUoKI2wXeV6wCCIbi7PtpWcJmfX', 'expires_in': 3599, 'refresh_token': '1//06h7h_5agT7fICgYIARAAGAYSNwF-L9IrRMnrxW7aR4k7x1sIbZ0ozyxKT9Cv5EaP6HY5ZqnLsoDqQH3GeOfUwq6CzvejIaWXSa4', 'scope': ['https://www.googleapis.com/auth/appengine.admin', 'openid', 'https://www.googleapis.com/auth/compute', 'https://www.googleapis.com/auth/accounts.reauth', 'https://www.googleapis.com/auth/cloud-platform', 'https://www.googleapis.com/auth/userinfo.email'], 'token_type': 'Bearer', 'id_token': 'eyJhbGciOiJSUzI1NiIsImtpZCI6ImRlOTU1NmFkNDY4MDMxMmMxMTdhZmFlZjI5MjBmNWY5OWE0Yzc5ZmQiLCJ0eXAiOiJKV1QifQ.eyJpc3MiOiJodHRwczovL2FjY291bnRzLmdvb2dsZS5jb20iLCJhenAiOiIzMjU1NTk0MDU1OS5hcHBzLmdvb2dsZXVzZXJjb250ZW50LmNvbSIsImF1ZCI6IjMyNTU1OTQwNTU5LmFwcHMuZ29vZ2xldXNlcmNvbnRlbnQuY29tIiwic3ViIjoiMTE3OTY1OTMzNDA1NzczODU4NTkyIiwiaGQiOiJuaWNuYWMubHRkIiwiZW1haWwiOiJsb2NAbmljbmFjLmx0ZCIsImVtYWlsX3ZlcmlmaWVkIjp0cnVlLCJhdF9oYXNoIjoiVFhtYkx2akFjZ24tU19MYUFXTkRWdyIsImlhdCI6MTYxOTQwNTg4MSwiZXhwIjoxNjE5NDA5NDgxfQ.rhMS5F4FMeHWEDBetEESiZXQfX3XKcZ2aj1UHkFNcWC-mJyvkjodPTwcOGPuEvSpkgHKRAP1JDh829zjt-vSAcqi212zyiu9_iAKqURoMi1YqvhHrrDkTcyUlkZ-D2baGdpg9J6frQ_JQUK-dqMMqGqNPRrMO4eWixGk39-j4jjsS-I5wdYkJus35KvrXCuLFJJCj_Aw9iMYhvaxgmDqPc4z1LPsm8RvOn6KM5lsQp5S9wu_5Tc2gyj1LZJlzK-ixdvfIIjKF4I9XX1xGfsrTXMYivhFxU2w7qN2XOBiJoA6ThXfp1-czapBoaDa5dsxHwO4vpFo22HNS5kdGfs66Q', 'expires_at': 1619409480.777621}.
2021-04-25 19:58:01,789 INFO     ___FILE_ONLY___ 
You are now logged in as [loc@nicnac.ltd].
Your current project is [corp-286819].  You can change this setting by running:
  $ gcloud config set project PROJECT_ID

2021-04-25 19:58:01,790 INFO     root            Display format: "none"
