2021-04-25 20:34:20,004 DEBUG    root            Loaded Command Group: ['gcloud', 'auth']
2021-04-25 20:34:20,025 DEBUG    root            Loaded Command Group: ['gcloud', 'auth', 'login']
2021-04-25 20:34:20,026 DEBUG    root            Running [gcloud.auth.login] with arguments: []
2021-04-25 20:34:20,051 DEBUG    requests_oauthlib.oauth2_session Generated new state HyWdlscaOlar46GKqD2J9Qg0NLKadn.
2021-04-25 20:34:20,183 INFO     ___FILE_ONLY___ Your browser has been opened to visit:

    https://accounts.google.com/o/oauth2/auth?response_type=code&client_id=32555940559.apps.googleusercontent.com&redirect_uri=http%3A%2F%2Flocalhost%3A8085%2F&scope=openid+https%3A%2F%2Fwww.googleapis.com%2Fauth%2Fuserinfo.email+https%3A%2F%2Fwww.googleapis.com%2Fauth%2Fcloud-platform+https%3A%2F%2Fwww.googleapis.com%2Fauth%2Fappengine.admin+https%3A%2F%2Fwww.googleapis.com%2Fauth%2Fcompute+https%3A%2F%2Fwww.googleapis.com%2Fauth%2Faccounts.reauth&state=HyWdlscaOlar46GKqD2J9Qg0NLKadn&access_type=offline&code_challenge=QgI1cOaTJRnPnNPo8qKaTsNYF0RPPwqxXRQZC0T4AcM&code_challenge_method=S256


2021-04-25 20:34:29,295 INFO     google_auth_oauthlib.flow "GET /?state=HyWdlscaOlar46GKqD2J9Qg0NLKadn&code=4/0AY0e-g7kq2lqvPlq5uCydCN5PV1eEO6zC4cJVXg2KCUlcXxEKvtXeNTxIdHyEQgZnTzkhA&scope=email%20openid%20https://www.googleapis.com/auth/userinfo.email%20https://www.googleapis.com/auth/cloud-platform%20https://www.googleapis.com/auth/appengine.admin%20https://www.googleapis.com/auth/compute%20https://www.googleapis.com/auth/accounts.reauth&authuser=5&hd=nicnac.ltd&prompt=consent HTTP/1.1" 200 959
2021-04-25 20:34:29,297 DEBUG    requests_oauthlib.oauth2_session Requesting url https://oauth2.googleapis.com/token using method POST.
2021-04-25 20:34:29,297 DEBUG    requests_oauthlib.oauth2_session Supplying headers {b'Accept': b'application/json', b'Content-Type': b'application/x-www-form-urlencoded;charset=UTF-8', b'user-agent': b'google-cloud-sdk gcloud/337.0.0 command/gcloud.auth.login invocation-id/1aac405059204509a9ff4bef3537bb2a environment/None environment-version/None interactive/True from-script/False python/3.9.1 term/xterm-256color (Macintosh; Intel Mac OS X 20.5.0)'} and data {'grant_type': 'authorization_code', 'client_id': '32555940559.apps.googleusercontent.com', 'client_secret': 'ZmssLNjJy2998hD4CTg2ejr2', 'code': '4/0AY0e-g7kq2lqvPlq5uCydCN5PV1eEO6zC4cJVXg2KCUlcXxEKvtXeNTxIdHyEQgZnTzkhA', 'redirect_uri': 'http://localhost:8085/', 'code_verifier': 'q.eztD-o-buKCuEpJwFZYg9CmUqrJ68Q1vQtinq0JLv.wLKcE.nahOcPdo1Cm7Yasr1hiQLmhwc0KmrN61jVDOs9d5Z_jugNEHI3yda6~_IRq.NHCcBRqjSr_QBbJJV6'}
2021-04-25 20:34:29,297 DEBUG    requests_oauthlib.oauth2_session Passing through key word arguments {'json': None, 'timeout': None, 'auth': None, 'verify': True, 'proxies': None}.
2021-04-25 20:34:29,318 DEBUG    urllib3.connectionpool Starting new HTTPS connection (1): oauth2.googleapis.com:443
2021-04-25 20:34:29,499 DEBUG    urllib3.connectionpool https://oauth2.googleapis.com:443 "POST /token HTTP/1.1" 200 None
2021-04-25 20:34:29,500 DEBUG    requests_oauthlib.oauth2_session Prepared fetch token request body grant_type=authorization_code&client_id=32555940559.apps.googleusercontent.com&client_secret=ZmssLNjJy2998hD4CTg2ejr2&code=4%2F0AY0e-g7kq2lqvPlq5uCydCN5PV1eEO6zC4cJVXg2KCUlcXxEKvtXeNTxIdHyEQgZnTzkhA&redirect_uri=http%3A%2F%2Flocalhost%3A8085%2F&code_verifier=q.eztD-o-buKCuEpJwFZYg9CmUqrJ68Q1vQtinq0JLv.wLKcE.nahOcPdo1Cm7Yasr1hiQLmhwc0KmrN61jVDOs9d5Z_jugNEHI3yda6~_IRq.NHCcBRqjSr_QBbJJV6
2021-04-25 20:34:29,501 DEBUG    requests_oauthlib.oauth2_session Request to fetch token completed with status 200.
2021-04-25 20:34:29,501 DEBUG    requests_oauthlib.oauth2_session Request headers were {'user-agent': b'google-cloud-sdk gcloud/337.0.0 command/gcloud.auth.login invocation-id/1aac405059204509a9ff4bef3537bb2a environment/None environment-version/None interactive/True from-script/False python/3.9.1 term/xterm-256color (Macintosh; Intel Mac OS X 20.5.0)', 'Accept-Encoding': 'gzip, deflate', 'Accept': b'application/json', 'Connection': 'keep-alive', 'Content-Type': b'application/x-www-form-urlencoded;charset=UTF-8', 'Content-Length': '387'}
2021-04-25 20:34:29,501 DEBUG    requests_oauthlib.oauth2_session Request body was grant_type=authorization_code&client_id=32555940559.apps.googleusercontent.com&client_secret=ZmssLNjJy2998hD4CTg2ejr2&code=4%2F0AY0e-g7kq2lqvPlq5uCydCN5PV1eEO6zC4cJVXg2KCUlcXxEKvtXeNTxIdHyEQgZnTzkhA&redirect_uri=http%3A%2F%2Flocalhost%3A8085%2F&code_verifier=q.eztD-o-buKCuEpJwFZYg9CmUqrJ68Q1vQtinq0JLv.wLKcE.nahOcPdo1Cm7Yasr1hiQLmhwc0KmrN61jVDOs9d5Z_jugNEHI3yda6~_IRq.NHCcBRqjSr_QBbJJV6
2021-04-25 20:34:29,501 DEBUG    requests_oauthlib.oauth2_session Response headers were {'Expires': 'Mon, 01 Jan 1990 00:00:00 GMT', 'Date': 'Mon, 26 Apr 2021 03:34:29 GMT', 'Pragma': 'no-cache', 'Cache-Control': 'no-cache, no-store, max-age=0, must-revalidate', 'Content-Type': 'application/json; charset=utf-8', 'Vary': 'Origin, X-Origin, Referer', 'Content-Encoding': 'gzip', 'Server': 'scaffolding on HTTPServer2', 'X-XSS-Protection': '0', 'X-Frame-Options': 'SAMEORIGIN', 'X-Content-Type-Options': 'nosniff', 'Alt-Svc': 'h3-29=":443"; ma=2592000,h3-T051=":443"; ma=2592000,h3-Q050=":443"; ma=2592000,h3-Q046=":443"; ma=2592000,h3-Q043=":443"; ma=2592000,quic=":443"; ma=2592000; v="46,43"', 'Transfer-Encoding': 'chunked'} and content {
  "access_token": "ya29.a0AfH6SMD0IRFVGtlxtKE4vi107JzcHQYxaef4aMuuBqViWoGYujhU1a7RwxAia2i8p88JZjH6L72TuRH7puwf0Nwa6JGWgZguVus2k-d1VeDNEtSXyHDSepXKL5Nj5j9WSlz97qqLocTUsHCU3DBTMU6142vJmDLn3T_V",
  "expires_in": 3599,
  "refresh_token": "1//06mPw8EVaRQTGCgYIARAAGAYSNwF-L9IrpKx1ytReFnzSYqISN35EJhzPDZarTvmpfn9FCdKMHxeODe9coLbwzuz7wDJ4_mNB4TA",
  "scope": "https://www.googleapis.com/auth/cloud-platform https://www.googleapis.com/auth/appengine.admin https://www.googleapis.com/auth/accounts.reauth openid https://www.googleapis.com/auth/userinfo.email https://www.googleapis.com/auth/compute",
  "token_type": "Bearer",
  "id_token": "eyJhbGciOiJSUzI1NiIsImtpZCI6ImRlOTU1NmFkNDY4MDMxMmMxMTdhZmFlZjI5MjBmNWY5OWE0Yzc5ZmQiLCJ0eXAiOiJKV1QifQ.eyJpc3MiOiJodHRwczovL2FjY291bnRzLmdvb2dsZS5jb20iLCJhenAiOiIzMjU1NTk0MDU1OS5hcHBzLmdvb2dsZXVzZXJjb250ZW50LmNvbSIsImF1ZCI6IjMyNTU1OTQwNTU5LmFwcHMuZ29vZ2xldXNlcmNvbnRlbnQuY29tIiwic3ViIjoiMTE3OTY1OTMzNDA1NzczODU4NTkyIiwiaGQiOiJuaWNuYWMubHRkIiwiZW1haWwiOiJsb2NAbmljbmFjLmx0ZCIsImVtYWlsX3ZlcmlmaWVkIjp0cnVlLCJhdF9oYXNoIjoiNUJBbVNNN0tCOWRwV0E2M3dIYkRJdyIsImlhdCI6MTYxOTQwODA2OSwiZXhwIjoxNjE5NDExNjY5fQ.BiBZk6Z71gsjoJNqGDgRlTbWu2XnTVZn8MiFseN2a7W1IXJuuB7bbB6mWBxjAJLf6IepMcEPbyXqMxeKttmqgjrRVzq-R-HvEm7VSKrAje9pQqKfZRo6ksd3f90AhWilcnDA5eNTUrPgP8AnqjQeDfxUX8gsyMz5higil-tYwq3G8_jNocA2qo38HE88iDYrwDLxAoCbBh0n9k90YB6ploj7iqS3kwkZxAvhSd4_cDgyFfrAnj8CkUeKun94kneOYy8gXHQMAqTmUrDaYKXwXjADQ-1M4q473KNiiKHyjcjT84cMWvCYGVMnIm9S23ffcOOv5AwISqUuHxrpfJrRIw"
}.
2021-04-25 20:34:29,502 DEBUG    requests_oauthlib.oauth2_session Invoking 0 token response hooks.
2021-04-25 20:34:29,502 DEBUG    requests_oauthlib.oauth2_session Obtained token {'access_token': 'ya29.a0AfH6SMD0IRFVGtlxtKE4vi107JzcHQYxaef4aMuuBqViWoGYujhU1a7RwxAia2i8p88JZjH6L72TuRH7puwf0Nwa6JGWgZguVus2k-d1VeDNEtSXyHDSepXKL5Nj5j9WSlz97qqLocTUsHCU3DBTMU6142vJmDLn3T_V', 'expires_in': 3599, 'refresh_token': '1//06mPw8EVaRQTGCgYIARAAGAYSNwF-L9IrpKx1ytReFnzSYqISN35EJhzPDZarTvmpfn9FCdKMHxeODe9coLbwzuz7wDJ4_mNB4TA', 'scope': ['https://www.googleapis.com/auth/cloud-platform', 'https://www.googleapis.com/auth/appengine.admin', 'https://www.googleapis.com/auth/accounts.reauth', 'openid', 'https://www.googleapis.com/auth/userinfo.email', 'https://www.googleapis.com/auth/compute'], 'token_type': 'Bearer', 'id_token': 'eyJhbGciOiJSUzI1NiIsImtpZCI6ImRlOTU1NmFkNDY4MDMxMmMxMTdhZmFlZjI5MjBmNWY5OWE0Yzc5ZmQiLCJ0eXAiOiJKV1QifQ.eyJpc3MiOiJodHRwczovL2FjY291bnRzLmdvb2dsZS5jb20iLCJhenAiOiIzMjU1NTk0MDU1OS5hcHBzLmdvb2dsZXVzZXJjb250ZW50LmNvbSIsImF1ZCI6IjMyNTU1OTQwNTU5LmFwcHMuZ29vZ2xldXNlcmNvbnRlbnQuY29tIiwic3ViIjoiMTE3OTY1OTMzNDA1NzczODU4NTkyIiwiaGQiOiJuaWNuYWMubHRkIiwiZW1haWwiOiJsb2NAbmljbmFjLmx0ZCIsImVtYWlsX3ZlcmlmaWVkIjp0cnVlLCJhdF9oYXNoIjoiNUJBbVNNN0tCOWRwV0E2M3dIYkRJdyIsImlhdCI6MTYxOTQwODA2OSwiZXhwIjoxNjE5NDExNjY5fQ.BiBZk6Z71gsjoJNqGDgRlTbWu2XnTVZn8MiFseN2a7W1IXJuuB7bbB6mWBxjAJLf6IepMcEPbyXqMxeKttmqgjrRVzq-R-HvEm7VSKrAje9pQqKfZRo6ksd3f90AhWilcnDA5eNTUrPgP8AnqjQeDfxUX8gsyMz5higil-tYwq3G8_jNocA2qo38HE88iDYrwDLxAoCbBh0n9k90YB6ploj7iqS3kwkZxAvhSd4_cDgyFfrAnj8CkUeKun94kneOYy8gXHQMAqTmUrDaYKXwXjADQ-1M4q473KNiiKHyjcjT84cMWvCYGVMnIm9S23ffcOOv5AwISqUuHxrpfJrRIw', 'expires_at': 1619411668.502155}.
2021-04-25 20:34:29,522 INFO     ___FILE_ONLY___ 
You are now logged in as [loc@nicnac.ltd].
Your current project is [corp-286819].  You can change this setting by running:
  $ gcloud config set project PROJECT_ID

2021-04-25 20:34:29,523 INFO     root            Display format: "none"
