2021-04-25 20:35:22,818 DEBUG    root            Loaded Command Group: ['gcloud', 'auth']
2021-04-25 20:35:22,818 DEBUG    root            Loaded Command Group: ['gcloud', 'auth', 'application_default']
2021-04-25 20:35:22,835 DEBUG    root            Loaded Command Group: ['gcloud', 'auth', 'application-default', 'login']
2021-04-25 20:35:22,837 DEBUG    root            Running [gcloud.auth.application-default.login] with arguments: []
2021-04-25 20:35:22,848 DEBUG    requests_oauthlib.oauth2_session Generated new state K3GlVRJkjJRQHx2ITumkogcFNcyKtR.
2021-04-25 20:35:22,954 INFO     ___FILE_ONLY___ Your browser has been opened to visit:

    https://accounts.google.com/o/oauth2/auth?response_type=code&client_id=764086051850-6qr4p6gpi6hn506pt8ejuq83di341hur.apps.googleusercontent.com&redirect_uri=http%3A%2F%2Flocalhost%3A8085%2F&scope=openid+https%3A%2F%2Fwww.googleapis.com%2Fauth%2Fuserinfo.email+https%3A%2F%2Fwww.googleapis.com%2Fauth%2Fcloud-platform+https%3A%2F%2Fwww.googleapis.com%2Fauth%2Faccounts.reauth&state=K3GlVRJkjJRQHx2ITumkogcFNcyKtR&access_type=offline&code_challenge=gK-H1MOawt6IO_jCN8NenwwJf5iYt8pwIS0YJuTCJb4&code_challenge_method=S256


2021-04-25 20:35:26,096 INFO     google_auth_oauthlib.flow "GET /?state=K3GlVRJkjJRQHx2ITumkogcFNcyKtR&code=4/0AY0e-g7OYAsWKMIsNNu80qhNFCWqFnYbJR8HizJT_C4bvCCLnvwrrvn-82ijrURzAbSPcw&scope=email%20openid%20https://www.googleapis.com/auth/userinfo.email%20https://www.googleapis.com/auth/cloud-platform%20https://www.googleapis.com/auth/accounts.reauth&authuser=5&hd=nicnac.ltd&prompt=consent HTTP/1.1" 200 959
2021-04-25 20:35:26,097 DEBUG    requests_oauthlib.oauth2_session Requesting url https://oauth2.googleapis.com/token using method POST.
2021-04-25 20:35:26,097 DEBUG    requests_oauthlib.oauth2_session Supplying headers {b'Accept': b'application/json', b'Content-Type': b'application/x-www-form-urlencoded;charset=UTF-8', b'user-agent': b'google-cloud-sdk gcloud/337.0.0 command/gcloud.auth.application-default.login invocation-id/d6b23e8f91634abcb5be3a5e1b0c6f19 environment/None environment-version/None interactive/True from-script/False python/3.9.1 term/xterm-256color (Macintosh; Intel Mac OS X 20.5.0)'} and data {'grant_type': 'authorization_code', 'client_id': '764086051850-6qr4p6gpi6hn506pt8ejuq83di341hur.apps.googleusercontent.com', 'client_secret': 'd-FL95Q19q7MQmFpd7hHD0Ty', 'code': '4/0AY0e-g7OYAsWKMIsNNu80qhNFCWqFnYbJR8HizJT_C4bvCCLnvwrrvn-82ijrURzAbSPcw', 'redirect_uri': 'http://localhost:8085/', 'code_verifier': 'Tf-dK6N4CYoTiSgj.LkeSWN02sbu2ZKVoX3~ViNiUlbq4ID2E7RI56s9CTVx1hnz85NrUuijCmUHaBMJrMPA.JcyDoD5-ARDnMc6WGS4uHwG3g~3ETisf.5924qOfQIv'}
2021-04-25 20:35:26,097 DEBUG    requests_oauthlib.oauth2_session Passing through key word arguments {'json': None, 'timeout': None, 'auth': None, 'verify': True, 'proxies': None}.
2021-04-25 20:35:26,120 DEBUG    urllib3.connectionpool Starting new HTTPS connection (1): oauth2.googleapis.com:443
2021-04-25 20:35:26,292 DEBUG    urllib3.connectionpool https://oauth2.googleapis.com:443 "POST /token HTTP/1.1" 200 None
2021-04-25 20:35:26,293 DEBUG    requests_oauthlib.oauth2_session Prepared fetch token request body grant_type=authorization_code&client_id=764086051850-6qr4p6gpi6hn506pt8ejuq83di341hur.apps.googleusercontent.com&client_secret=d-FL95Q19q7MQmFpd7hHD0Ty&code=4%2F0AY0e-g7OYAsWKMIsNNu80qhNFCWqFnYbJR8HizJT_C4bvCCLnvwrrvn-82ijrURzAbSPcw&redirect_uri=http%3A%2F%2Flocalhost%3A8085%2F&code_verifier=Tf-dK6N4CYoTiSgj.LkeSWN02sbu2ZKVoX3~ViNiUlbq4ID2E7RI56s9CTVx1hnz85NrUuijCmUHaBMJrMPA.JcyDoD5-ARDnMc6WGS4uHwG3g~3ETisf.5924qOfQIv
2021-04-25 20:35:26,293 DEBUG    requests_oauthlib.oauth2_session Request to fetch token completed with status 200.
2021-04-25 20:35:26,294 DEBUG    requests_oauthlib.oauth2_session Request headers were {'user-agent': b'google-cloud-sdk gcloud/337.0.0 command/gcloud.auth.application-default.login invocation-id/d6b23e8f91634abcb5be3a5e1b0c6f19 environment/None environment-version/None interactive/True from-script/False python/3.9.1 term/xterm-256color (Macintosh; Intel Mac OS X 20.5.0)', 'Accept-Encoding': 'gzip, deflate', 'Accept': b'application/json', 'Connection': 'keep-alive', 'Content-Type': b'application/x-www-form-urlencoded;charset=UTF-8', 'Content-Length': '421'}
2021-04-25 20:35:26,294 DEBUG    requests_oauthlib.oauth2_session Request body was grant_type=authorization_code&client_id=764086051850-6qr4p6gpi6hn506pt8ejuq83di341hur.apps.googleusercontent.com&client_secret=d-FL95Q19q7MQmFpd7hHD0Ty&code=4%2F0AY0e-g7OYAsWKMIsNNu80qhNFCWqFnYbJR8HizJT_C4bvCCLnvwrrvn-82ijrURzAbSPcw&redirect_uri=http%3A%2F%2Flocalhost%3A8085%2F&code_verifier=Tf-dK6N4CYoTiSgj.LkeSWN02sbu2ZKVoX3~ViNiUlbq4ID2E7RI56s9CTVx1hnz85NrUuijCmUHaBMJrMPA.JcyDoD5-ARDnMc6WGS4uHwG3g~3ETisf.5924qOfQIv
2021-04-25 20:35:26,294 DEBUG    requests_oauthlib.oauth2_session Response headers were {'Date': 'Mon, 26 Apr 2021 03:35:26 GMT', 'Pragma': 'no-cache', 'Expires': 'Mon, 01 Jan 1990 00:00:00 GMT', 'Cache-Control': 'no-cache, no-store, max-age=0, must-revalidate', 'Content-Type': 'application/json; charset=utf-8', 'Vary': 'Origin, X-Origin, Referer', 'Content-Encoding': 'gzip', 'Server': 'scaffolding on HTTPServer2', 'X-XSS-Protection': '0', 'X-Frame-Options': 'SAMEORIGIN', 'X-Content-Type-Options': 'nosniff', 'Alt-Svc': 'h3-29=":443"; ma=2592000,h3-T051=":443"; ma=2592000,h3-Q050=":443"; ma=2592000,h3-Q046=":443"; ma=2592000,h3-Q043=":443"; ma=2592000,quic=":443"; ma=2592000; v="46,43"', 'Transfer-Encoding': 'chunked'} and content {
  "access_token": "ya29.a0AfH6SMCMeDA2sdbjJGzkkdi2zDTP-AZ3IODeuUSLt3nXefbG_FUw-B7C1Wo4b4kElude_HHYPaZ8HYwANPtRReeJjh2Ihu2sAAYLvunXqO1FPhloqtdgW9sqzzNE9TVHCbuJrWiOPY3IO9NqfvJ0SJ5R71SV",
  "expires_in": 3599,
  "refresh_token": "1//06a4grYFaCNF5CgYIARAAGAYSNwF-L9IrJ4jCht8PNJnNh8qz_1vD6lNgydCH6RZPgm35Doq-Zepg5hahJjzyoxPVVWHcMn6RL-s",
  "scope": "https://www.googleapis.com/auth/accounts.reauth https://www.googleapis.com/auth/userinfo.email openid https://www.googleapis.com/auth/cloud-platform",
  "token_type": "Bearer",
  "id_token": "eyJhbGciOiJSUzI1NiIsImtpZCI6ImRlOTU1NmFkNDY4MDMxMmMxMTdhZmFlZjI5MjBmNWY5OWE0Yzc5ZmQiLCJ0eXAiOiJKV1QifQ.eyJpc3MiOiJodHRwczovL2FjY291bnRzLmdvb2dsZS5jb20iLCJhenAiOiI3NjQwODYwNTE4NTAtNnFyNHA2Z3BpNmhuNTA2cHQ4ZWp1cTgzZGkzNDFodXIuYXBwcy5nb29nbGV1c2VyY29udGVudC5jb20iLCJhdWQiOiI3NjQwODYwNTE4NTAtNnFyNHA2Z3BpNmhuNTA2cHQ4ZWp1cTgzZGkzNDFodXIuYXBwcy5nb29nbGV1c2VyY29udGVudC5jb20iLCJzdWIiOiIxMTc5NjU5MzM0MDU3NzM4NTg1OTIiLCJoZCI6Im5pY25hYy5sdGQiLCJlbWFpbCI6ImxvY0BuaWNuYWMubHRkIiwiZW1haWxfdmVyaWZpZWQiOnRydWUsImF0X2hhc2giOiJ4Xy1GWTdSNlRmRzdZbFlsVUtuajFBIiwiaWF0IjoxNjE5NDA4MTI2LCJleHAiOjE2MTk0MTE3MjZ9.MM9PFbkyD7fuVgY4jr8nXjuAjaFxPIHfCfL6YPLv6LMMWx6WxlgL5NWwxFtBUAB0n4-CqoL3Y9UEPEQf3FpT5t5wDzOEqUErb9LLbBZ1Xth3AVzDEVOclLah7dawMi2RrxFqyBF-u4uQ6ZLbk4r1Ztru9ksaD5PSOmtEQOhFe4CxGguVHMhfxmWveWUNSONX5VnBFiK2VySNIhcRi93WauR9da4OMX3FI5B7znNuAvPfGRQNNEDHG8L3QNfTvjOF56FloctgrZymRLNW-neU5WlUpirUIunmkZBr5AfFzmNV0ZGcSBlsRL0ZhVVvw11QEZ1otATv4qKQNsVZGz-9cQ"
}.
2021-04-25 20:35:26,294 DEBUG    requests_oauthlib.oauth2_session Invoking 0 token response hooks.
2021-04-25 20:35:26,294 DEBUG    requests_oauthlib.oauth2_session Obtained token {'access_token': 'ya29.a0AfH6SMCMeDA2sdbjJGzkkdi2zDTP-AZ3IODeuUSLt3nXefbG_FUw-B7C1Wo4b4kElude_HHYPaZ8HYwANPtRReeJjh2Ihu2sAAYLvunXqO1FPhloqtdgW9sqzzNE9TVHCbuJrWiOPY3IO9NqfvJ0SJ5R71SV', 'expires_in': 3599, 'refresh_token': '1//06a4grYFaCNF5CgYIARAAGAYSNwF-L9IrJ4jCht8PNJnNh8qz_1vD6lNgydCH6RZPgm35Doq-Zepg5hahJjzyoxPVVWHcMn6RL-s', 'scope': ['https://www.googleapis.com/auth/accounts.reauth', 'https://www.googleapis.com/auth/userinfo.email', 'openid', 'https://www.googleapis.com/auth/cloud-platform'], 'token_type': 'Bearer', 'id_token': 'eyJhbGciOiJSUzI1NiIsImtpZCI6ImRlOTU1NmFkNDY4MDMxMmMxMTdhZmFlZjI5MjBmNWY5OWE0Yzc5ZmQiLCJ0eXAiOiJKV1QifQ.eyJpc3MiOiJodHRwczovL2FjY291bnRzLmdvb2dsZS5jb20iLCJhenAiOiI3NjQwODYwNTE4NTAtNnFyNHA2Z3BpNmhuNTA2cHQ4ZWp1cTgzZGkzNDFodXIuYXBwcy5nb29nbGV1c2VyY29udGVudC5jb20iLCJhdWQiOiI3NjQwODYwNTE4NTAtNnFyNHA2Z3BpNmhuNTA2cHQ4ZWp1cTgzZGkzNDFodXIuYXBwcy5nb29nbGV1c2VyY29udGVudC5jb20iLCJzdWIiOiIxMTc5NjU5MzM0MDU3NzM4NTg1OTIiLCJoZCI6Im5pY25hYy5sdGQiLCJlbWFpbCI6ImxvY0BuaWNuYWMubHRkIiwiZW1haWxfdmVyaWZpZWQiOnRydWUsImF0X2hhc2giOiJ4Xy1GWTdSNlRmRzdZbFlsVUtuajFBIiwiaWF0IjoxNjE5NDA4MTI2LCJleHAiOjE2MTk0MTE3MjZ9.MM9PFbkyD7fuVgY4jr8nXjuAjaFxPIHfCfL6YPLv6LMMWx6WxlgL5NWwxFtBUAB0n4-CqoL3Y9UEPEQf3FpT5t5wDzOEqUErb9LLbBZ1Xth3AVzDEVOclLah7dawMi2RrxFqyBF-u4uQ6ZLbk4r1Ztru9ksaD5PSOmtEQOhFe4CxGguVHMhfxmWveWUNSONX5VnBFiK2VySNIhcRi93WauR9da4OMX3FI5B7znNuAvPfGRQNNEDHG8L3QNfTvjOF56FloctgrZymRLNW-neU5WlUpirUIunmkZBr5AfFzmNV0ZGcSBlsRL0ZhVVvw11QEZ1otATv4qKQNsVZGz-9cQ', 'expires_at': 1619411725.2946172}.
2021-04-25 20:35:26,296 INFO     ___FILE_ONLY___ 
Credentials saved to file: [/Users/locnguyen/.config/gcloud/application_default_credentials.json]

2021-04-25 20:35:26,296 INFO     ___FILE_ONLY___ 
These credentials will be used by any library that requests Application Default Credentials (ADC).

2021-04-25 20:35:26,300 INFO     root            Using alternate credentials from file: [/Users/locnguyen/.config/gcloud/application_default_credentials.json]
2021-04-25 20:35:26,304 DEBUG    google.auth.transport.requests Making request: POST https://oauth2.googleapis.com/token
2021-04-25 20:35:26,310 DEBUG    urllib3.connectionpool Starting new HTTPS connection (1): oauth2.googleapis.com:443
2021-04-25 20:35:26,406 DEBUG    urllib3.connectionpool https://oauth2.googleapis.com:443 "POST /token HTTP/1.1" 200 None
2021-04-25 20:35:26,412 INFO     root            Using alternate credentials from file: [/Users/locnguyen/.config/gcloud/application_default_credentials.json]
2021-04-25 20:35:26,448 DEBUG    urllib3.connectionpool Starting new HTTPS connection (1): cloudresourcemanager.googleapis.com:443
2021-04-25 20:35:26,646 DEBUG    urllib3.connectionpool https://cloudresourcemanager.googleapis.com:443 "POST /v1/projects/corp-286819:testIamPermissions?alt=json HTTP/1.1" 200 None
2021-04-25 20:35:26,647 WARNING  root            
Cannot add the project "corp-286819" to ADC as the quota project because the account in ADC does not have the "serviceusage.services.use" permission on this project. You might receive a "quota_exceeded" or "API not enabled" error. Run $ gcloud auth application-default set-quota-project to add a quota project.
2021-04-25 20:35:26,648 INFO     root            Display format: "none"
